#
# There is insufficient memory for the Java Runtime Environment to continue.
# Native memory allocation (malloc) failed to allocate 987536 bytes for Chunk::new
# Possible reasons:
#   The system is out of physical RAM or swap space
#   In 32 bit mode, the process size limit was hit
# Possible solutions:
#   Reduce memory load on the system
#   Increase physical memory or swap space
#   Check if swap backing store is full
#   Use 64 bit Java on a 64 bit OS
#   Decrease Java heap size (-Xmx/-Xms)
#   Decrease number of Java threads
#   Decrease Java thread stack sizes (-Xss)
#   Set larger code cache with -XX:ReservedCodeCacheSize=
# This output file may be truncated or incomplete.
#
#  Out of Memory Error (allocation.cpp:323), pid=5532, tid=9784
#
# JRE version: Java(TM) SE Runtime Environment (7.0_45-b18) (build 1.7.0_45-b18)
# Java VM: Java HotSpot(TM) 64-Bit Server VM (24.45-b08 mixed mode windows-amd64 compressed oops)
# Failed to write core dump. Minidumps are not enabled by default on client versions of Windows
#

---------------  T H R E A D  ---------------

Current thread (0x00000000088d9000):  JavaThread "C2 CompilerThread0" daemon [_thread_in_native, id=9784, stack(0x0000000009e20000,0x0000000009f20000)]

Stack: [0x0000000009e20000,0x0000000009f20000]

Current CompileTask:
C2:   3027  584   !         com.android.dx.cf.code.Ropper::processBlock (1101 bytes)


---------------  P R O C E S S  ---------------

Java Threads: ( => current thread )
  0x000000000a239000 JavaThread "pool-1-thread-4" [_thread_in_Java, id=9880, stack(0x000000000ad70000,0x000000000ae70000)]
  0x000000000a1e5000 JavaThread "pool-1-thread-3" [_thread_blocked, id=8872, stack(0x000000000ac70000,0x000000000ad70000)]
  0x000000000a296800 JavaThread "pool-1-thread-2" [_thread_blocked, id=9876, stack(0x000000000aa60000,0x000000000ab60000)]
  0x000000000a238800 JavaThread "pool-2-thread-1" [_thread_blocked, id=9904, stack(0x000000000a8c0000,0x000000000a9c0000)]
  0x000000000a16e800 JavaThread "pool-1-thread-1" [_thread_blocked, id=9908, stack(0x000000000a7c0000,0x000000000a8c0000)]
  0x000000000a0a8800 JavaThread "Service Thread" daemon [_thread_blocked, id=9764, stack(0x000000000a4a0000,0x000000000a5a0000)]
  0x00000000088db000 JavaThread "C2 CompilerThread1" daemon [_thread_in_native, id=9788, stack(0x0000000009fa0000,0x000000000a0a0000)]
=>0x00000000088d9000 JavaThread "C2 CompilerThread0" daemon [_thread_in_native, id=9784, stack(0x0000000009e20000,0x0000000009f20000)]
  0x000000000887e800 JavaThread "Attach Listener" daemon [_thread_blocked, id=9772, stack(0x0000000009b90000,0x0000000009c90000)]
  0x0000000008879800 JavaThread "Signal Dispatcher" daemon [_thread_blocked, id=9796, stack(0x00000000097c0000,0x00000000098c0000)]
  0x0000000008861800 JavaThread "Finalizer" daemon [_thread_blocked, id=9736, stack(0x0000000009ca0000,0x0000000009da0000)]
  0x000000000885e000 JavaThread "Reference Handler" daemon [_thread_blocked, id=9732, stack(0x0000000009a90000,0x0000000009b90000)]
  0x00000000002fe000 JavaThread "main" [_thread_in_vm, id=7316, stack(0x0000000002610000,0x0000000002710000)]

Other Threads:
  0x000000000885a800 VMThread [stack: 0x0000000009950000,0x0000000009a50000] [id=8380]
  0x00000000088dc000 WatcherThread [stack: 0x000000000a660000,0x000000000a760000] [id=9780]

VM state:not at safepoint (normal execution)

VM Mutex/Monitor currently owned by a thread: None

Heap
 PSYoungGen      total 138240K, used 63802K [0x00000000eaa80000, 0x00000000f3680000, 0x0000000100000000)
  eden space 133120K, 44% used [0x00000000eaa80000,0x00000000ee3ced48,0x00000000f2c80000)
  from space 5120K, 99% used [0x00000000f3180000,0x00000000f367fd60,0x00000000f3680000)
  to   space 5120K, 0% used [0x00000000f2c80000,0x00000000f2c80000,0x00000000f3180000)
 ParOldGen       total 86528K, used 32912K [0x00000000c0000000, 0x00000000c5480000, 0x00000000eaa80000)
  object space 86528K, 38% used [0x00000000c0000000,0x00000000c20240f8,0x00000000c5480000)
 PSPermGen       total 21504K, used 5563K [0x00000000bae00000, 0x00000000bc300000, 0x00000000c0000000)
  object space 21504K, 25% used [0x00000000bae00000,0x00000000bb36ed18,0x00000000bc300000)

Card table byte_map: [0x0000000005710000,0x0000000005940000] byte_map_base: 0x0000000005139000

Polling page: 0x0000000000340000

Code Cache  [0x0000000002710000, 0x0000000002980000, 0x0000000005710000)
 total_blobs=815 nmethods=599 adapters=168 free_code_cache=46863Kb largest_free_block=47929920

Compilation events (10 events):
Event: 2.965 Thread 0x00000000088db000 nmethod 608 0x0000000002936c50 code [0x0000000002936da0, 0x0000000002936f38]
Event: 2.965 Thread 0x00000000088db000  609             com.android.dx.cf.code.Frame::setImmutable (15 bytes)
Event: 2.966 Thread 0x00000000088db000 nmethod 609 0x0000000002940c10 code [0x0000000002940d60, 0x0000000002940df8]
Event: 2.966 Thread 0x00000000088db000  610   !         com.android.dx.cf.cst.ConstantPoolParser::parse0 (731 bytes)
Event: 3.016 Thread 0x00000000088db000 nmethod 610 0x0000000002954e90 code [0x00000000029553c0, 0x00000000029578b0]
Event: 3.017 Thread 0x00000000088db000  611             com.android.dx.cf.code.Ropper::mergeAndWorkAsNecessary (102 bytes)
Event: 3.019 Thread 0x00000000088db000 nmethod 611 0x0000000002940550 code [0x00000000029406a0, 0x0000000002940928]
Event: 3.019 Thread 0x00000000088db000  612             com.android.dx.cf.code.ExecutionStack::peekType (11 bytes)
Event: 3.020 Thread 0x00000000088db000 nmethod 612 0x0000000002940150 code [0x00000000029402a0, 0x00000000029403a8]
Event: 3.020 Thread 0x00000000088db000  613             com.android.dx.ssa.LocalVariableExtractor::processBlock (383 bytes)

GC Heap History (8 events):
Event: 0.736 GC heap before
{Heap before GC invocations=1 (full 0):
 PSYoungGen      total 38400K, used 33280K [0x00000000eaa80000, 0x00000000ed500000, 0x0000000100000000)
  eden space 33280K, 100% used [0x00000000eaa80000,0x00000000ecb00000,0x00000000ecb00000)
  from space 5120K, 0% used [0x00000000ed000000,0x00000000ed000000,0x00000000ed500000)
  to   space 5120K, 0% used [0x00000000ecb00000,0x00000000ecb00000,0x00000000ed000000)
 ParOldGen       total 86528K, used 0K [0x00000000c0000000, 0x00000000c5480000, 0x00000000eaa80000)
  object space 86528K, 0% used [0x00000000c0000000,0x00000000c0000000,0x00000000c5480000)
 PSPermGen       total 21504K, used 5372K [0x00000000bae00000, 0x00000000bc300000, 0x00000000c0000000)
  object space 21504K, 24% used [0x00000000bae00000,0x00000000bb33f128,0x00000000bc300000)
Event: 0.744 GC heap after
Heap after GC invocations=1 (full 0):
 PSYoungGen      total 38400K, used 5118K [0x00000000eaa80000, 0x00000000ef580000, 0x0000000100000000)
  eden space 33280K, 0% used [0x00000000eaa80000,0x00000000eaa80000,0x00000000ecb00000)
  from space 5120K, 99% used [0x00000000ecb00000,0x00000000ecfffa08,0x00000000ed000000)
  to   space 5120K, 0% used [0x00000000ef080000,0x00000000ef080000,0x00000000ef580000)
 ParOldGen       total 86528K, used 2334K [0x00000000c0000000, 0x00000000c5480000, 0x00000000eaa80000)
  object space 86528K, 2% used [0x00000000c0000000,0x00000000c02478d8,0x00000000c5480000)
 PSPermGen       total 21504K, used 5372K [0x00000000bae00000, 0x00000000bc300000, 0x00000000c0000000)
  object space 21504K, 24% used [0x00000000bae00000,0x00000000bb33f128,0x00000000bc300000)
}
Event: 1.420 GC heap before
{Heap before GC invocations=2 (full 0):
 PSYoungGen      total 38400K, used 38398K [0x00000000eaa80000, 0x00000000ef580000, 0x0000000100000000)
  eden space 33280K, 100% used [0x00000000eaa80000,0x00000000ecb00000,0x00000000ecb00000)
  from space 5120K, 99% used [0x00000000ecb00000,0x00000000ecfffa08,0x00000000ed000000)
  to   space 5120K, 0% used [0x00000000ef080000,0x00000000ef080000,0x00000000ef580000)
 ParOldGen       total 86528K, used 2334K [0x00000000c0000000, 0x00000000c5480000, 0x00000000eaa80000)
  object space 86528K, 2% used [0x00000000c0000000,0x00000000c02478d8,0x00000000c5480000)
 PSPermGen       total 21504K, used 5492K [0x00000000bae00000, 0x00000000bc300000, 0x00000000c0000000)
  object space 21504K, 25% used [0x00000000bae00000,0x00000000bb35d168,0x00000000bc300000)
Event: 1.532 GC heap after
Heap after GC invocations=2 (full 0):
 PSYoungGen      total 71680K, used 5119K [0x00000000eaa80000, 0x00000000ef580000, 0x0000000100000000)
  eden space 66560K, 0% used [0x00000000eaa80000,0x00000000eaa80000,0x00000000eeb80000)
  from space 5120K, 99% used [0x00000000ef080000,0x00000000ef57fe58,0x00000000ef580000)
  to   space 5120K, 0% used [0x00000000eeb80000,0x00000000eeb80000,0x00000000ef080000)
 ParOldGen       total 86528K, used 12736K [0x00000000c0000000, 0x00000000c5480000, 0x00000000eaa80000)
  object space 86528K, 14% used [0x00000000c0000000,0x00000000c0c701c8,0x00000000c5480000)
 PSPermGen       total 21504K, used 5492K [0x00000000bae00000, 0x00000000bc300000, 0x00000000c0000000)
  object space 21504K, 25% used [0x00000000bae00000,0x00000000bb35d168,0x00000000bc300000)
}
Event: 2.477 GC heap before
{Heap before GC invocations=3 (full 0):
 PSYoungGen      total 71680K, used 71679K [0x00000000eaa80000, 0x00000000ef580000, 0x0000000100000000)
  eden space 66560K, 100% used [0x00000000eaa80000,0x00000000eeb80000,0x00000000eeb80000)
  from space 5120K, 99% used [0x00000000ef080000,0x00000000ef57fe58,0x00000000ef580000)
  to   space 5120K, 0% used [0x00000000eeb80000,0x00000000eeb80000,0x00000000ef080000)
 ParOldGen       total 86528K, used 12736K [0x00000000c0000000, 0x00000000c5480000, 0x00000000eaa80000)
  object space 86528K, 14% used [0x00000000c0000000,0x00000000c0c701c8,0x00000000c5480000)
 PSPermGen       total 21504K, used 5526K [0x00000000bae00000, 0x00000000bc300000, 0x00000000c0000000)
  object space 21504K, 25% used [0x00000000bae00000,0x00000000bb365910,0x00000000bc300000)
Event: 2.530 GC heap after
Heap after GC invocations=3 (full 0):
 PSYoungGen      total 71680K, used 5100K [0x00000000eaa80000, 0x00000000f3680000, 0x0000000100000000)
  eden space 66560K, 0% used [0x00000000eaa80000,0x00000000eaa80000,0x00000000eeb80000)
  from space 5120K, 99% used [0x00000000eeb80000,0x00000000ef07b160,0x00000000ef080000)
  to   space 5120K, 0% used [0x00000000f3180000,0x00000000f3180000,0x00000000f3680000)
 ParOldGen       total 86528K, used 24391K [0x00000000c0000000, 0x00000000c5480000, 0x00000000eaa80000)
  object space 86528K, 28% used [0x00000000c0000000,0x00000000c17d1d40,0x00000000c5480000)
 PSPermGen       total 21504K, used 5526K [0x00000000bae00000, 0x00000000bc300000, 0x00000000c0000000)
  object space 21504K, 25% used [0x00000000bae00000,0x00000000bb365910,0x00000000bc300000)
}
Event: 2.802 GC heap before
{Heap before GC invocations=4 (full 0):
 PSYoungGen      total 71680K, used 71660K [0x00000000eaa80000, 0x00000000f3680000, 0x0000000100000000)
  eden space 66560K, 100% used [0x00000000eaa80000,0x00000000eeb80000,0x00000000eeb80000)
  from space 5120K, 99% used [0x00000000eeb80000,0x00000000ef07b160,0x00000000ef080000)
  to   space 5120K, 0% used [0x00000000f3180000,0x00000000f3180000,0x00000000f3680000)
 ParOldGen       total 86528K, used 24391K [0x00000000c0000000, 0x00000000c5480000, 0x00000000eaa80000)
  object space 86528K, 28% used [0x00000000c0000000,0x00000000c17d1d40,0x00000000c5480000)
 PSPermGen       total 21504K, used 5550K [0x00000000bae00000, 0x00000000bc300000, 0x00000000c0000000)
  object space 21504K, 25% used [0x00000000bae00000,0x00000000bb36bb98,0x00000000bc300000)
Event: 2.844 GC heap after
Heap after GC invocations=4 (full 0):
 PSYoungGen      total 138240K, used 5119K [0x00000000eaa80000, 0x00000000f3680000, 0x0000000100000000)
  eden space 133120K, 0% used [0x00000000eaa80000,0x00000000eaa80000,0x00000000f2c80000)
  from space 5120K, 99% used [0x00000000f3180000,0x00000000f367fd60,0x00000000f3680000)
  to   space 5120K, 0% used [0x00000000f2c80000,0x00000000f2c80000,0x00000000f3180000)
 ParOldGen       total 86528K, used 32912K [0x00000000c0000000, 0x00000000c5480000, 0x00000000eaa80000)
  object space 86528K, 38% used [0x00000000c0000000,0x00000000c20240f8,0x00000000c5480000)
 PSPermGen       total 21504K, used 5550K [0x00000000bae00000, 0x00000000bc300000, 0x00000000c0000000)
  object space 21504K, 25% used [0x00000000bae00000,0x00000000bb36bb98,0x00000000bc300000)
}

Deoptimization events (10 events):
Event: 2.677 Thread 0x000000000a1e5000 Uncommon trap: reason=unreached action=reinterpret pc=0x0000000002836bb4 method=com.android.dx.util.LabeledList.set(ILcom/android/dx/util/LabeledItem;)V @ 16
Event: 2.677 Thread 0x000000000a1e5000 Uncommon trap: reason=unreached action=reinterpret pc=0x00000000027f14b8 method=com.android.dx.util.LabeledList.set(ILcom/android/dx/util/LabeledItem;)V @ 16
Event: 2.678 Thread 0x000000000a1e5000 Uncommon trap: reason=unreached action=reinterpret pc=0x00000000028e8d68 method=com.android.dx.util.FixedSizeList.shrinkToFit()V @ 21
Event: 2.687 Thread 0x000000000a1e5000 Uncommon trap: reason=class_check action=maybe_recompile pc=0x00000000027cbde4 method=java.util.HashMap.put(Ljava/lang/Object;Ljava/lang/Object;)Ljava/lang/Object; @ 83
Event: 2.692 Thread 0x000000000a1e5000 Uncommon trap: reason=bimorphic action=maybe_recompile pc=0x0000000002884df4 method=com.android.dx.ssa.LiteralOpUpgrader.tryReplacingWithConstant(Lcom/android/dx/ssa/NormalSsaInsn;)Z @ 52
Event: 2.692 Thread 0x000000000a1e5000 Uncommon trap: reason=bimorphic action=maybe_recompile pc=0x000000000287b930 method=com.android.dx.ssa.LiteralOpUpgrader.tryReplacingWithConstant(Lcom/android/dx/ssa/NormalSsaInsn;)Z @ 52
Event: 2.731 Thread 0x000000000a1e5000 Uncommon trap: reason=bimorphic action=maybe_recompile pc=0x00000000028bef40 method=com.android.dx.rop.code.InsnList.contentEquals(Lcom/android/dx/rop/code/InsnList;)Z @ 38
Event: 2.733 Thread 0x000000000a1e5000 Uncommon trap: reason=class_check action=maybe_recompile pc=0x00000000028c9710 method=com.android.dx.ssa.PhiTypeResolver.run()V @ 132
Event: 2.735 Thread 0x000000000a1e5000 Uncommon trap: reason=unreached action=reinterpret pc=0x000000000286100c method=com.android.dx.rop.code.RegisterSpecSet.intersect(Lcom/android/dx/rop/code/RegisterSpecSet;Z)V @ 73
Event: 2.796 Thread 0x000000000a16e800 Uncommon trap: reason=class_check action=maybe_recompile pc=0x00000000027cbde4 method=java.util.HashMap.put(Ljava/lang/Object;Ljava/lang/Object;)Ljava/lang/Object; @ 83

Internal exceptions (10 events):
Event: 1.182 Thread 0x00000000002fe000 Threw 0x00000000ec840160 at C:\re\jdk7u45\229\hotspot\src\share\vm\prims\jvm.cpp:1244
Event: 1.183 Thread 0x00000000002fe000 Threw 0x00000000ec84fed0 at C:\re\jdk7u45\229\hotspot\src\share\vm\prims\jvm.cpp:1244
Event: 1.184 Thread 0x00000000002fe000 Threw 0x00000000ec85f388 at C:\re\jdk7u45\229\hotspot\src\share\vm\prims\jvm.cpp:1244
Event: 1.198 Thread 0x00000000002fe000 Threw 0x00000000ec9b9a68 at C:\re\jdk7u45\229\hotspot\src\share\vm\prims\jvm.cpp:1244
Event: 2.116 Thread 0x000000000a1e5000 Implicit null exception at 0x0000000002862c3c to 0x000000000286330d
Event: 2.136 Thread 0x000000000a296800 Implicit null exception at 0x0000000002862c3c to 0x000000000286330d
Event: 2.140 Thread 0x000000000a16e800 Implicit null exception at 0x0000000002862c3c to 0x000000000286330d
Event: 2.306 Thread 0x00000000002fe000 Implicit null exception at 0x0000000002866403 to 0x0000000002866ae5
Event: 2.575 Thread 0x000000000a296800 Threw 0x00000000ebb538a8 at C:\re\jdk7u45\229\hotspot\src\share\vm\prims\jvm.cpp:1244
Event: 2.676 Thread 0x000000000a1e5000 Threw 0x00000000ed3b49b0 at C:\re\jdk7u45\229\hotspot\src\share\vm\prims\jvm.cpp:1244

Events (10 events):
Event: 2.844 Executing VM operation: ParallelGCFailedAllocation done
Event: 2.851 Thread 0x00000000088db000 flushing nmethod 0x0000000002797310
Event: 2.851 Thread 0x00000000088db000 flushing nmethod 0x0000000002799dd0
Event: 2.851 Thread 0x00000000088db000 flushing nmethod 0x000000000279e350
Event: 2.851 Thread 0x00000000088db000 flushing nmethod 0x00000000027a0710
Event: 2.852 Thread 0x00000000088d9000 flushing nmethod 0x00000000027b9110
Event: 2.853 Thread 0x00000000088d9000 flushing nmethod 0x00000000027cc650
Event: 2.853 Thread 0x00000000088d9000 flushing nmethod 0x00000000027d0f10
Event: 2.853 Thread 0x00000000088d9000 flushing nmethod 0x00000000027d4d10
Event: 2.853 Thread 0x00000000088d9000 flushing nmethod 0x00000000027d8b50


Dynamic libraries:
0x000000013f5b0000 - 0x000000013f5e3000 	C:\Program Files\Java\jdk1.7.0_45\bin\java.exe
0x0000000077050000 - 0x00000000771f8000 	C:\windows\SYSTEM32\ntdll.dll
0x0000000076df0000 - 0x0000000076f0f000 	C:\windows\system32\kernel32.dll
0x000007fefcfa0000 - 0x000007fefd00c000 	C:\windows\system32\KERNELBASE.dll
0x000007fefeab0000 - 0x000007fefeb8b000 	C:\windows\system32\ADVAPI32.dll
0x000007fefed10000 - 0x000007fefedaf000 	C:\windows\system32\msvcrt.dll
0x000007fefedb0000 - 0x000007fefedcf000 	C:\windows\SYSTEM32\sechost.dll
0x000007fefd670000 - 0x000007fefd79d000 	C:\windows\system32\RPCRT4.dll
0x0000000076cf0000 - 0x0000000076dea000 	C:\windows\system32\USER32.dll
0x000007fefdc30000 - 0x000007fefdc97000 	C:\windows\system32\GDI32.dll
0x000007fefd400000 - 0x000007fefd40e000 	C:\windows\system32\LPK.dll
0x000007fefd300000 - 0x000007fefd3c9000 	C:\windows\system32\USP10.dll
0x000007fefaf70000 - 0x000007fefb164000 	C:\windows\WinSxS\amd64_microsoft.windows.common-controls_6595b64144ccf1df_6.0.7601.18837_none_fa3b1e3d17594757\COMCTL32.dll
0x000007feff2d0000 - 0x000007feff341000 	C:\windows\system32\SHLWAPI.dll
0x000007fefd3d0000 - 0x000007fefd3fe000 	C:\windows\system32\IMM32.DLL
0x000007fefee60000 - 0x000007fefef69000 	C:\windows\system32\MSCTF.dll
0x000000005d740000 - 0x000000005d812000 	C:\Program Files\Java\jdk1.7.0_45\jre\bin\msvcr100.dll
0x000000006df30000 - 0x000000006e6f9000 	C:\Program Files\Java\jdk1.7.0_45\jre\bin\server\jvm.dll
0x000007fef2ab0000 - 0x000007fef2ab9000 	C:\windows\system32\WSOCK32.dll
0x000007feff280000 - 0x000007feff2cd000 	C:\windows\system32\WS2_32.dll
0x000007feff350000 - 0x000007feff358000 	C:\windows\system32\NSI.dll
0x000007fefcc10000 - 0x000007fefcc4b000 	C:\windows\system32\WINMM.dll
0x0000000077210000 - 0x0000000077217000 	C:\windows\system32\PSAPI.DLL
0x0000000058f30000 - 0x0000000058f3f000 	C:\Program Files\Java\jdk1.7.0_45\jre\bin\verify.dll
0x0000000055b80000 - 0x0000000055ba8000 	C:\Program Files\Java\jdk1.7.0_45\jre\bin\java.dll
0x0000000055b60000 - 0x0000000055b75000 	C:\Program Files\Java\jdk1.7.0_45\jre\bin\zip.dll

VM Arguments:
jvm_args: -Djava.awt.headless=true -Xmx1024M -Dfile.encoding=GBK -Duser.country=CN -Duser.language=zh -Duser.variant 
java_command: com.android.dx.command.Main --dex --force-jumbo --num-threads=4 --output C:\Users\Android\Desktop\snv\AngelDoctor\app\build\intermediates\pre-dexed\debug\main_2ed8fe173990edf49d3f67f881ef832705af8d05.jar C:\Users\Android\Desktop\snv\AngelDoctor\app\build\intermediates\transforms\instantRun\debug\folders\1\5\main
Launcher Type: SUN_STANDARD

Environment Variables:
JAVA_HOME=C:\Program Files\Java\jdk1.7.0_45
CLASSPATH=.;C:\Program Files\Java\jdk1.7.0_45\lib\dt.jar;C:\Program Files\Java\jdk1.7.0_45\lib\tools.jar;
PATH=C:\Program Files (x86)\Intel\iCLS Client\;C:\Program Files\Intel\iCLS Client\;C:\windows\system32;C:\windows;C:\windows\System32\Wbem;C:\windows\System32\WindowsPowerShell\v1.0\;C:\Program Files\Intel\Intel(R) Management Engine Components\DAL;C:\Program Files\Intel\Intel(R) Management Engine Components\IPT;C:\Program Files (x86)\Intel\Intel(R) Management Engine Components\DAL;C:\Program Files (x86)\Intel\Intel(R) Management Engine Components\IPT;C:\Program Files\Java\jdk1.7.0_45\bin;D:\sdk\tools;D:\sdk\platform-tools;D:\apache-ant-1.9.4\bin;C:\Program Files\Java\jdk1.7.0_45\bin; ;C:\Program Files (x86)\Common Files\ThinPrint\;E:\android-ndk-r10c;E:\Program Files (x86)\Subversion\bin;C:\Program Files\TortoiseSVN\bin
USERNAME=Android
OS=Windows_NT
PROCESSOR_IDENTIFIER=Intel64 Family 6 Model 45 Stepping 7, GenuineIntel



---------------  S Y S T E M  ---------------

OS: Windows 7 , 64 bit Build 7601 Service Pack 1

CPU:total 4 (4 cores per cpu, 1 threads per core) family 6 model 45 stepping 7, cmov, cx8, fxsr, mmx, sse, sse2, sse3, ssse3, sse4.1, sse4.2, popcnt, avx, aes, tsc, tscinvbit, tscinv

Memory: 4k page, physical 8313796k(1088152k free), swap 8311944k(5508k free)

vm_info: Java HotSpot(TM) 64-Bit Server VM (24.45-b08) for windows-amd64 JRE (1.7.0_45-b18), built on Oct  8 2013 05:47:22 by "java_re" with unknown MS VC++:1600

time: Thu Jun 30 15:17:11 2016
elapsed time: 3 seconds

