#
# There is insufficient memory for the Java Runtime Environment to continue.
# Native memory allocation (malloc) failed to allocate 197536 bytes for Chunk::new
# Possible reasons:
#   The system is out of physical RAM or swap space
#   In 32 bit mode, the process size limit was hit
# Possible solutions:
#   Reduce memory load on the system
#   Increase physical memory or swap space
#   Check if swap backing store is full
#   Use 64 bit Java on a 64 bit OS
#   Decrease Java heap size (-Xmx/-Xms)
#   Decrease number of Java threads
#   Decrease Java thread stack sizes (-Xss)
#   Set larger code cache with -XX:ReservedCodeCacheSize=
# This output file may be truncated or incomplete.
#
#  Out of Memory Error (allocation.cpp:323), pid=6644, tid=7728
#
# JRE version: Java(TM) SE Runtime Environment (7.0_45-b18) (build 1.7.0_45-b18)
# Java VM: Java HotSpot(TM) 64-Bit Server VM (24.45-b08 mixed mode windows-amd64 compressed oops)
# Failed to write core dump. Minidumps are not enabled by default on client versions of Windows
#

---------------  T H R E A D  ---------------

Current thread (0x0000000008824000):  JavaThread "C2 CompilerThread1" daemon [_thread_in_native, id=7728, stack(0x000000000a2e0000,0x000000000a3e0000)]

Stack: [0x000000000a2e0000,0x000000000a3e0000]

Current CompileTask:
C2:   5805  651             com.android.dx.ssa.SCCP::simulatePhi (169 bytes)


---------------  P R O C E S S  ---------------

Java Threads: ( => current thread )
  0x000000000a745800 JavaThread "pool-1-thread-4" [_thread_blocked, id=3856, stack(0x000000000b250000,0x000000000b350000)]
  0x000000000a6f3000 JavaThread "pool-1-thread-3" [_thread_blocked, id=7004, stack(0x000000000b070000,0x000000000b170000)]
  0x000000000a650000 JavaThread "pool-1-thread-2" [_thread_blocked, id=9188, stack(0x000000000aea0000,0x000000000afa0000)]
  0x000000000a64f800 JavaThread "pool-2-thread-1" [_thread_blocked, id=7392, stack(0x000000000ad60000,0x000000000ae60000)]
  0x000000000a64d800 JavaThread "pool-1-thread-1" [_thread_blocked, id=8376, stack(0x000000000aaf0000,0x000000000abf0000)]
  0x0000000008825000 JavaThread "Service Thread" daemon [_thread_blocked, id=6960, stack(0x0000000009fb0000,0x000000000a0b0000)]
=>0x0000000008824000 JavaThread "C2 CompilerThread1" daemon [_thread_in_native, id=7728, stack(0x000000000a2e0000,0x000000000a3e0000)]
  0x0000000008822800 JavaThread "C2 CompilerThread0" daemon [_thread_blocked, id=5644, stack(0x000000000a170000,0x000000000a270000)]
  0x0000000008820000 JavaThread "Attach Listener" daemon [_thread_blocked, id=6784, stack(0x0000000009ea0000,0x0000000009fa0000)]
  0x0000000008819800 JavaThread "Signal Dispatcher" daemon [_thread_blocked, id=8240, stack(0x0000000009bb0000,0x0000000009cb0000)]
  0x00000000087b0000 JavaThread "Finalizer" daemon [_thread_blocked, id=6832, stack(0x0000000009d10000,0x0000000009e10000)]
  0x00000000087ac800 JavaThread "Reference Handler" daemon [_thread_blocked, id=8872, stack(0x0000000009a50000,0x0000000009b50000)]
  0x00000000025ce000 JavaThread "main" [_thread_in_native, id=8600, stack(0x00000000025f0000,0x00000000026f0000)]

Other Threads:
  0x00000000087a9000 VMThread [stack: 0x0000000009890000,0x0000000009990000] [id=6196]
  0x0000000008826800 WatcherThread [stack: 0x000000000a480000,0x000000000a580000] [id=7508]

VM state:not at safepoint (normal execution)

VM Mutex/Monitor currently owned by a thread: None

Heap
 PSYoungGen      total 138240K, used 64947K [0x00000000eaa80000, 0x00000000ff280000, 0x0000000100000000)
  eden space 133120K, 48% used [0x00000000eaa80000,0x00000000ee9ecfe8,0x00000000f2c80000)
  from space 5120K, 0% used [0x00000000f2c80000,0x00000000f2c80000,0x00000000f3180000)
  to   space 34816K, 0% used [0x00000000fd080000,0x00000000fd080000,0x00000000ff280000)
 ParOldGen       total 121856K, used 42293K [0x00000000c0000000, 0x00000000c7700000, 0x00000000eaa80000)
  object space 121856K, 34% used [0x00000000c0000000,0x00000000c294d6c0,0x00000000c7700000)
 PSPermGen       total 21504K, used 5561K [0x00000000bae00000, 0x00000000bc300000, 0x00000000c0000000)
  object space 21504K, 25% used [0x00000000bae00000,0x00000000bb36e4a0,0x00000000bc300000)

Card table byte_map: [0x00000000057d0000,0x0000000005a00000] byte_map_base: 0x00000000051f9000

Polling page: 0x0000000000130000

Code Cache  [0x00000000027d0000, 0x0000000002a90000, 0x00000000057d0000)
 total_blobs=858 nmethods=642 adapters=168 free_code_cache=46471Kb largest_free_block=47487360

Compilation events (10 events):
Event: 5.247 Thread 0x0000000008822800  647   !         com.android.dx.rop.type.Prototype::intern (233 bytes)
Event: 5.283 Thread 0x0000000008822800 nmethod 647 0x00000000028b0590 code [0x00000000028b07e0, 0x00000000028b1f00]
Event: 5.306 Thread 0x0000000008822800  648             com.android.dx.rop.type.Prototype::withFirstParameter (68 bytes)
Event: 5.324 Thread 0x0000000008824000 nmethod 636 0x0000000002a75590 code [0x0000000002a76ca0, 0x0000000002a7dd30]
Event: 5.328 Thread 0x0000000008822800 nmethod 648 0x00000000028ae190 code [0x00000000028ae360, 0x00000000028af568]
Event: 5.774 Thread 0x0000000008824000  649             com.android.dx.cf.iface.StdAttributeList::get (9 bytes)
Event: 5.775 Thread 0x0000000008822800  650             com.android.dx.ssa.SsaRenamer::setNameForSsaReg (54 bytes)
Event: 5.775 Thread 0x0000000008824000 nmethod 649 0x0000000002a6fd10 code [0x0000000002a6fe60, 0x0000000002a6ff58]
Event: 5.780 Thread 0x0000000008822800 nmethod 650 0x00000000028b5410 code [0x00000000028b55a0, 0x00000000028b5990]
Event: 5.785 Thread 0x0000000008824000  651             com.android.dx.ssa.SCCP::simulatePhi (169 bytes)

GC Heap History (10 events):
Event: 1.740 GC heap before
{Heap before GC invocations=2 (full 0):
 PSYoungGen      total 38400K, used 38398K [0x00000000eaa80000, 0x00000000ef580000, 0x0000000100000000)
  eden space 33280K, 100% used [0x00000000eaa80000,0x00000000ecb00000,0x00000000ecb00000)
  from space 5120K, 99% used [0x00000000ecb00000,0x00000000ecfff930,0x00000000ed000000)
  to   space 5120K, 0% used [0x00000000ef080000,0x00000000ef080000,0x00000000ef580000)
 ParOldGen       total 86528K, used 4451K [0x00000000c0000000, 0x00000000c5480000, 0x00000000eaa80000)
  object space 86528K, 5% used [0x00000000c0000000,0x00000000c0458d48,0x00000000c5480000)
 PSPermGen       total 21504K, used 5464K [0x00000000bae00000, 0x00000000bc300000, 0x00000000c0000000)
  object space 21504K, 25% used [0x00000000bae00000,0x00000000bb356360,0x00000000bc300000)
Event: 1.767 GC heap after
Heap after GC invocations=2 (full 0):
 PSYoungGen      total 71680K, used 5088K [0x00000000eaa80000, 0x00000000ef580000, 0x0000000100000000)
  eden space 66560K, 0% used [0x00000000eaa80000,0x00000000eaa80000,0x00000000eeb80000)
  from space 5120K, 99% used [0x00000000ef080000,0x00000000ef5782c8,0x00000000ef580000)
  to   space 5120K, 0% used [0x00000000eeb80000,0x00000000eeb80000,0x00000000ef080000)
 ParOldGen       total 86528K, used 16252K [0x00000000c0000000, 0x00000000c5480000, 0x00000000eaa80000)
  object space 86528K, 18% used [0x00000000c0000000,0x00000000c0fdf300,0x00000000c5480000)
 PSPermGen       total 21504K, used 5464K [0x00000000bae00000, 0x00000000bc300000, 0x00000000c0000000)
  object space 21504K, 25% used [0x00000000bae00000,0x00000000bb356360,0x00000000bc300000)
}
Event: 2.626 GC heap before
{Heap before GC invocations=3 (full 0):
 PSYoungGen      total 71680K, used 71648K [0x00000000eaa80000, 0x00000000ef580000, 0x0000000100000000)
  eden space 66560K, 100% used [0x00000000eaa80000,0x00000000eeb80000,0x00000000eeb80000)
  from space 5120K, 99% used [0x00000000ef080000,0x00000000ef5782c8,0x00000000ef580000)
  to   space 5120K, 0% used [0x00000000eeb80000,0x00000000eeb80000,0x00000000ef080000)
 ParOldGen       total 86528K, used 16252K [0x00000000c0000000, 0x00000000c5480000, 0x00000000eaa80000)
  object space 86528K, 18% used [0x00000000c0000000,0x00000000c0fdf300,0x00000000c5480000)
 PSPermGen       total 21504K, used 5509K [0x00000000bae00000, 0x00000000bc300000, 0x00000000c0000000)
  object space 21504K, 25% used [0x00000000bae00000,0x00000000bb3616e0,0x00000000bc300000)
Event: 2.674 GC heap after
Heap after GC invocations=3 (full 0):
 PSYoungGen      total 71680K, used 5088K [0x00000000eaa80000, 0x00000000f3680000, 0x0000000100000000)
  eden space 66560K, 0% used [0x00000000eaa80000,0x00000000eaa80000,0x00000000eeb80000)
  from space 5120K, 99% used [0x00000000eeb80000,0x00000000ef0782c8,0x00000000ef080000)
  to   space 5120K, 0% used [0x00000000f3180000,0x00000000f3180000,0x00000000f3680000)
 ParOldGen       total 86528K, used 30983K [0x00000000c0000000, 0x00000000c5480000, 0x00000000eaa80000)
  object space 86528K, 35% used [0x00000000c0000000,0x00000000c1e41dd8,0x00000000c5480000)
 PSPermGen       total 21504K, used 5509K [0x00000000bae00000, 0x00000000bc300000, 0x00000000c0000000)
  object space 21504K, 25% used [0x00000000bae00000,0x00000000bb3616e0,0x00000000bc300000)
}
Event: 3.295 GC heap before
{Heap before GC invocations=4 (full 0):
 PSYoungGen      total 71680K, used 71648K [0x00000000eaa80000, 0x00000000f3680000, 0x0000000100000000)
  eden space 66560K, 100% used [0x00000000eaa80000,0x00000000eeb80000,0x00000000eeb80000)
  from space 5120K, 99% used [0x00000000eeb80000,0x00000000ef0782c8,0x00000000ef080000)
  to   space 5120K, 0% used [0x00000000f3180000,0x00000000f3180000,0x00000000f3680000)
 ParOldGen       total 86528K, used 30983K [0x00000000c0000000, 0x00000000c5480000, 0x00000000eaa80000)
  object space 86528K, 35% used [0x00000000c0000000,0x00000000c1e41dd8,0x00000000c5480000)
 PSPermGen       total 21504K, used 5542K [0x00000000bae00000, 0x00000000bc300000, 0x00000000c0000000)
  object space 21504K, 25% used [0x00000000bae00000,0x00000000bb369980,0x00000000bc300000)
Event: 3.367 GC heap after
Heap after GC invocations=4 (full 0):
 PSYoungGen      total 138240K, used 5095K [0x00000000eaa80000, 0x00000000f3680000, 0x0000000100000000)
  eden space 133120K, 0% used [0x00000000eaa80000,0x00000000eaa80000,0x00000000f2c80000)
  from space 5120K, 99% used [0x00000000f3180000,0x00000000f3679f78,0x00000000f3680000)
  to   space 5120K, 0% used [0x00000000f2c80000,0x00000000f2c80000,0x00000000f3180000)
 ParOldGen       total 86528K, used 48380K [0x00000000c0000000, 0x00000000c5480000, 0x00000000eaa80000)
  object space 86528K, 55% used [0x00000000c0000000,0x00000000c2f3f320,0x00000000c5480000)
 PSPermGen       total 21504K, used 5542K [0x00000000bae00000, 0x00000000bc300000, 0x00000000c0000000)
  object space 21504K, 25% used [0x00000000bae00000,0x00000000bb369980,0x00000000bc300000)
}
Event: 3.916 GC heap before
{Heap before GC invocations=5 (full 0):
 PSYoungGen      total 138240K, used 138215K [0x00000000eaa80000, 0x00000000f3680000, 0x0000000100000000)
  eden space 133120K, 100% used [0x00000000eaa80000,0x00000000f2c80000,0x00000000f2c80000)
  from space 5120K, 99% used [0x00000000f3180000,0x00000000f3679f78,0x00000000f3680000)
  to   space 5120K, 0% used [0x00000000f2c80000,0x00000000f2c80000,0x00000000f3180000)
 ParOldGen       total 86528K, used 48380K [0x00000000c0000000, 0x00000000c5480000, 0x00000000eaa80000)
  object space 86528K, 55% used [0x00000000c0000000,0x00000000c2f3f320,0x00000000c5480000)
 PSPermGen       total 21504K, used 5559K [0x00000000bae00000, 0x00000000bc300000, 0x00000000c0000000)
  object space 21504K, 25% used [0x00000000bae00000,0x00000000bb36dcb0,0x00000000bc300000)
Event: 4.272 GC heap after
Heap after GC invocations=5 (full 0):
 PSYoungGen      total 138240K, used 5095K [0x00000000eaa80000, 0x00000000ff280000, 0x0000000100000000)
  eden space 133120K, 0% used [0x00000000eaa80000,0x00000000eaa80000,0x00000000f2c80000)
  from space 5120K, 99% used [0x00000000f2c80000,0x00000000f3179f78,0x00000000f3180000)
  to   space 34816K, 0% used [0x00000000fd080000,0x00000000fd080000,0x00000000ff280000)
 ParOldGen       total 86528K, used 74521K [0x00000000c0000000, 0x00000000c5480000, 0x00000000eaa80000)
  object space 86528K, 86% used [0x00000000c0000000,0x00000000c48c6408,0x00000000c5480000)
 PSPermGen       total 21504K, used 5559K [0x00000000bae00000, 0x00000000bc300000, 0x00000000c0000000)
  object space 21504K, 25% used [0x00000000bae00000,0x00000000bb36dcb0,0x00000000bc300000)
}
Event: 4.272 GC heap before
{Heap before GC invocations=6 (full 1):
 PSYoungGen      total 138240K, used 5095K [0x00000000eaa80000, 0x00000000ff280000, 0x0000000100000000)
  eden space 133120K, 0% used [0x00000000eaa80000,0x00000000eaa80000,0x00000000f2c80000)
  from space 5120K, 99% used [0x00000000f2c80000,0x00000000f3179f78,0x00000000f3180000)
  to   space 34816K, 0% used [0x00000000fd080000,0x00000000fd080000,0x00000000ff280000)
 ParOldGen       total 86528K, used 74521K [0x00000000c0000000, 0x00000000c5480000, 0x00000000eaa80000)
  object space 86528K, 86% used [0x00000000c0000000,0x00000000c48c6408,0x00000000c5480000)
 PSPermGen       total 21504K, used 5559K [0x00000000bae00000, 0x00000000bc300000, 0x00000000c0000000)
  object space 21504K, 25% used [0x00000000bae00000,0x00000000bb36dcb0,0x00000000bc300000)
Event: 4.953 GC heap after
Heap after GC invocations=6 (full 1):
 PSYoungGen      total 138240K, used 0K [0x00000000eaa80000, 0x00000000ff280000, 0x0000000100000000)
  eden space 133120K, 0% used [0x00000000eaa80000,0x00000000eaa80000,0x00000000f2c80000)
  from space 5120K, 0% used [0x00000000f2c80000,0x00000000f2c80000,0x00000000f3180000)
  to   space 34816K, 0% used [0x00000000fd080000,0x00000000fd080000,0x00000000ff280000)
 ParOldGen       total 121856K, used 42293K [0x00000000c0000000, 0x00000000c7700000, 0x00000000eaa80000)
  object space 121856K, 34% used [0x00000000c0000000,0x00000000c294d6c0,0x00000000c7700000)
 PSPermGen       total 21504K, used 5554K [0x00000000bae00000, 0x00000000bc300000, 0x00000000c0000000)
  object space 21504K, 25% used [0x00000000bae00000,0x00000000bb36cb60,0x00000000bc300000)
}

Deoptimization events (10 events):
Event: 3.576 Thread 0x000000000a6f3000 Uncommon trap: reason=class_check action=maybe_recompile pc=0x000000000290f688 method=com.android.dx.ssa.SCCP.simulatePhi(Lcom/android/dx/ssa/PhiInsn;)V @ 124
Event: 3.603 Thread 0x000000000a745800 Uncommon trap: reason=null_check action=make_not_entrant pc=0x00000000029b81c8 method=com.android.dx.dex.file.MethodIdsSection.intern(Lcom/android/dx/rop/cst/CstBaseMethodRef;)Lcom/android/dx/dex/file/MethodIdItem; @ 26
Event: 3.613 Thread 0x000000000a650000 Uncommon trap: reason=uninitialized action=reinterpret pc=0x0000000002a3b64c method=com.android.dx.cf.code.BytecodeArray.parseInstruction(ILcom/android/dx/cf/code/BytecodeArray$Visitor;)I @ 1047
Event: 3.614 Thread 0x000000000a650000 Uncommon trap: reason=class_check action=maybe_recompile pc=0x00000000029f7084 method=com.android.dx.rop.cst.CstLiteral32.equals(Ljava/lang/Object;)Z @ 20
Event: 3.615 Thread 0x000000000a650000 Uncommon trap: reason=class_check action=maybe_recompile pc=0x00000000029f7084 method=com.android.dx.rop.cst.CstLiteral32.equals(Ljava/lang/Object;)Z @ 20
Event: 3.615 Thread 0x000000000a650000 Uncommon trap: reason=class_check action=maybe_recompile pc=0x00000000029f7084 method=com.android.dx.rop.cst.CstLiteral32.equals(Ljava/lang/Object;)Z @ 20
Event: 3.615 Thread 0x000000000a650000 Uncommon trap: reason=class_check action=maybe_recompile pc=0x00000000029f7084 method=com.android.dx.rop.cst.CstLiteral32.equals(Ljava/lang/Object;)Z @ 20
Event: 5.095 Thread 0x000000000a745800 Uncommon trap: reason=unreached action=reinterpret pc=0x000000000290f6f0 method=com.android.dx.rop.cst.CstLiteral32.equals(Ljava/lang/Object;)Z @ 12
Event: 5.100 Thread 0x000000000a745800 Uncommon trap: reason=class_check action=maybe_recompile pc=0x000000000289ea20 method=java.util.HashMap.put(Ljava/lang/Object;Ljava/lang/Object;)Ljava/lang/Object; @ 83
Event: 5.102 Thread 0x000000000a745800 Uncommon trap: reason=class_check action=maybe_recompile pc=0x000000000289ea20 method=java.util.HashMap.put(Ljava/lang/Object;Ljava/lang/Object;)Ljava/lang/Object; @ 83

Internal exceptions (10 events):
Event: 1.524 Thread 0x00000000025ce000 Threw 0x00000000ebe705c0 at C:\re\jdk7u45\229\hotspot\src\share\vm\prims\jvm.cpp:1244
Event: 1.530 Thread 0x00000000025ce000 Threw 0x00000000ebec9878 at C:\re\jdk7u45\229\hotspot\src\share\vm\prims\jvm.cpp:1244
Event: 1.978 Thread 0x00000000025ce000 Threw 0x00000000ec545cc8 at C:\re\jdk7u45\229\hotspot\src\share\vm\prims\jvm.cpp:1244
Event: 1.988 Thread 0x00000000025ce000 Threw 0x00000000ec68d3d8 at C:\re\jdk7u45\229\hotspot\src\share\vm\prims\jvm.cpp:1244
Event: 2.349 Thread 0x000000000a650000 Implicit null exception at 0x00000000029b7b00 to 0x00000000029b81b9
Event: 2.404 Thread 0x00000000025ce000 Implicit null exception at 0x00000000029be2c7 to 0x00000000029be9b1
Event: 2.696 Thread 0x000000000a6f3000 Threw 0x00000000eae05d58 at C:\re\jdk7u45\229\hotspot\src\share\vm\prims\jvm.cpp:1244
Event: 2.747 Thread 0x000000000a6f3000 Threw 0x00000000eb1b6e60 at C:\re\jdk7u45\229\hotspot\src\share\vm\prims\jvm.cpp:1244
Event: 2.748 Thread 0x000000000a6f3000 Implicit null exception at 0x00000000029bad0e to 0x00000000029bb7b9
Event: 3.603 Thread 0x000000000a745800 Implicit null exception at 0x00000000029b7b00 to 0x00000000029b81b9

Events (10 events):
Event: 5.095 Thread 0x000000000a745800 DEOPT PACKING pc=0x000000000290f6f0 sp=0x000000000b34ed50
Event: 5.095 Thread 0x000000000a745800 DEOPT UNPACKING pc=0x00000000028075a4 sp=0x000000000b34ec88 mode 2
Event: 5.100 Thread 0x000000000a745800 Uncommon trap: trap_request=0xffffffde fr.pc=0x000000000289ea20
Event: 5.100 Thread 0x000000000a745800 DEOPT PACKING pc=0x000000000289ea20 sp=0x000000000b34ecc0
Event: 5.100 Thread 0x000000000a745800 DEOPT UNPACKING pc=0x00000000028075a4 sp=0x000000000b34ec50 mode 2
Event: 5.102 Thread 0x000000000a745800 Uncommon trap: trap_request=0xffffffde fr.pc=0x000000000289ea20
Event: 5.102 Thread 0x000000000a745800 DEOPT PACKING pc=0x000000000289ea20 sp=0x000000000b34ecc0
Event: 5.102 Thread 0x000000000a745800 DEOPT UNPACKING pc=0x00000000028075a4 sp=0x000000000b34ec50 mode 2
Event: 5.139 Thread 0x0000000008822800 flushing nmethod 0x00000000028a0f50
Event: 5.139 Thread 0x0000000008822800 flushing nmethod 0x00000000028ace10


Dynamic libraries:
0x000000013fc90000 - 0x000000013fcc3000 	C:\Program Files\Java\jdk1.7.0_45\bin\java.exe
0x0000000076fe0000 - 0x0000000077188000 	C:\windows\SYSTEM32\ntdll.dll
0x0000000076d80000 - 0x0000000076e9f000 	C:\windows\system32\kernel32.dll
0x000007fefcd20000 - 0x000007fefcd8c000 	C:\windows\system32\KERNELBASE.dll
0x000007fefde40000 - 0x000007fefdf1b000 	C:\windows\system32\ADVAPI32.dll
0x000007fefd290000 - 0x000007fefd32f000 	C:\windows\system32\msvcrt.dll
0x000007fefdd10000 - 0x000007fefdd2f000 	C:\windows\SYSTEM32\sechost.dll
0x000007fefd840000 - 0x000007fefd96d000 	C:\windows\system32\RPCRT4.dll
0x0000000076c80000 - 0x0000000076d7a000 	C:\windows\system32\USER32.dll
0x000007fefdd30000 - 0x000007fefdd97000 	C:\windows\system32\GDI32.dll
0x000007fefd680000 - 0x000007fefd68e000 	C:\windows\system32\LPK.dll
0x000007fefd980000 - 0x000007fefda49000 	C:\windows\system32\USP10.dll
0x000007fefb2d0000 - 0x000007fefb4c4000 	C:\windows\WinSxS\amd64_microsoft.windows.common-controls_6595b64144ccf1df_6.0.7601.18837_none_fa3b1e3d17594757\COMCTL32.dll
0x000007fefdf20000 - 0x000007fefdf91000 	C:\windows\system32\SHLWAPI.dll
0x000007fefd440000 - 0x000007fefd46e000 	C:\windows\system32\IMM32.DLL
0x000007fefd730000 - 0x000007fefd839000 	C:\windows\system32\MSCTF.dll
0x0000000077770000 - 0x0000000077842000 	C:\Program Files\Java\jdk1.7.0_45\jre\bin\msvcr100.dll
0x00000000513e0000 - 0x0000000051ba9000 	C:\Program Files\Java\jdk1.7.0_45\jre\bin\server\jvm.dll
0x000007fef2e40000 - 0x000007fef2e49000 	C:\windows\system32\WSOCK32.dll
0x000007fefe020000 - 0x000007fefe06d000 	C:\windows\system32\WS2_32.dll
0x000007fefd970000 - 0x000007fefd978000 	C:\windows\system32\NSI.dll
0x000007fefcb80000 - 0x000007fefcbbb000 	C:\windows\system32\WINMM.dll
0x00000000771a0000 - 0x00000000771a7000 	C:\windows\system32\PSAPI.DLL
0x0000000064ff0000 - 0x0000000064fff000 	C:\Program Files\Java\jdk1.7.0_45\jre\bin\verify.dll
0x00000000530c0000 - 0x00000000530e8000 	C:\Program Files\Java\jdk1.7.0_45\jre\bin\java.dll
0x00000000642d0000 - 0x00000000642e5000 	C:\Program Files\Java\jdk1.7.0_45\jre\bin\zip.dll

VM Arguments:
jvm_args: -Djava.awt.headless=true -Xmx1024M -Dfile.encoding=GBK -Duser.country=CN -Duser.language=zh -Duser.variant 
java_command: com.android.dx.command.Main --dex --force-jumbo --num-threads=4 --output C:\Users\Android\Desktop\snv\AngelDoctor\app\build\intermediates\pre-dexed\debug\main_2ed8fe173990edf49d3f67f881ef832705af8d05.jar C:\Users\Android\Desktop\snv\AngelDoctor\app\build\intermediates\transforms\instantRun\debug\folders\1\5\main
Launcher Type: SUN_STANDARD

Environment Variables:
JAVA_HOME=C:\Program Files\Java\jdk1.7.0_45
CLASSPATH=.;C:\Program Files\Java\jdk1.7.0_45\lib\dt.jar;C:\Program Files\Java\jdk1.7.0_45\lib\tools.jar;
PATH=C:\Program Files (x86)\Intel\iCLS Client\;C:\Program Files\Intel\iCLS Client\;C:\windows\system32;C:\windows;C:\windows\System32\Wbem;C:\windows\System32\WindowsPowerShell\v1.0\;C:\Program Files\Intel\Intel(R) Management Engine Components\DAL;C:\Program Files\Intel\Intel(R) Management Engine Components\IPT;C:\Program Files (x86)\Intel\Intel(R) Management Engine Components\DAL;C:\Program Files (x86)\Intel\Intel(R) Management Engine Components\IPT;C:\Program Files\Java\jdk1.7.0_45\bin;D:\sdk\tools;D:\sdk\platform-tools;D:\apache-ant-1.9.4\bin;C:\Program Files\Java\jdk1.7.0_45\bin; ;C:\Program Files (x86)\Common Files\ThinPrint\;E:\android-ndk-r10c;E:\Program Files (x86)\Subversion\bin;C:\Program Files\TortoiseSVN\bin
USERNAME=Android
OS=Windows_NT
PROCESSOR_IDENTIFIER=Intel64 Family 6 Model 45 Stepping 7, GenuineIntel



---------------  S Y S T E M  ---------------

OS: Windows 7 , 64 bit Build 7601 Service Pack 1

CPU:total 4 (4 cores per cpu, 1 threads per core) family 6 model 45 stepping 7, cmov, cx8, fxsr, mmx, sse, sse2, sse3, ssse3, sse4.1, sse4.2, popcnt, avx, aes, tsc, tscinvbit, tscinv

Memory: 4k page, physical 8313796k(1250008k free), swap 8311944k(5104k free)

vm_info: Java HotSpot(TM) 64-Bit Server VM (24.45-b08) for windows-amd64 JRE (1.7.0_45-b18), built on Oct  8 2013 05:47:22 by "java_re" with unknown MS VC++:1600

time: Tue Jun 28 20:36:33 2016
elapsed time: 5 seconds

