#
# There is insufficient memory for the Java Runtime Environment to continue.
# Native memory allocation (malloc) failed to allocate 801056 bytes for Chunk::new
# Possible reasons:
#   The system is out of physical RAM or swap space
#   In 32 bit mode, the process size limit was hit
# Possible solutions:
#   Reduce memory load on the system
#   Increase physical memory or swap space
#   Check if swap backing store is full
#   Use 64 bit Java on a 64 bit OS
#   Decrease Java heap size (-Xmx/-Xms)
#   Decrease number of Java threads
#   Decrease Java thread stack sizes (-Xss)
#   Set larger code cache with -XX:ReservedCodeCacheSize=
# This output file may be truncated or incomplete.
#
#  Out of Memory Error (allocation.cpp:323), pid=6172, tid=9588
#
# JRE version: Java(TM) SE Runtime Environment (7.0_45-b18) (build 1.7.0_45-b18)
# Java VM: Java HotSpot(TM) 64-Bit Server VM (24.45-b08 mixed mode windows-amd64 compressed oops)
# Failed to write core dump. Minidumps are not enabled by default on client versions of Windows
#

---------------  T H R E A D  ---------------

Current thread (0x000000000882b800):  JavaThread "C2 CompilerThread1" daemon [_thread_in_native, id=9588, stack(0x000000000a280000,0x000000000a380000)]

Stack: [0x000000000a280000,0x000000000a380000]

Current CompileTask:
C2:   4530  732             com.android.dx.dex.cf.CfTranslator::translate0 (259 bytes)


---------------  P R O C E S S  ---------------

Java Threads: ( => current thread )
  0x000000000882c800 JavaThread "Service Thread" daemon [_thread_blocked, id=9604, stack(0x000000000a430000,0x000000000a530000)]
=>0x000000000882b800 JavaThread "C2 CompilerThread1" daemon [_thread_in_native, id=9588, stack(0x000000000a280000,0x000000000a380000)]
  0x0000000008826800 JavaThread "C2 CompilerThread0" daemon [_thread_in_native, id=980, stack(0x0000000009b30000,0x0000000009c30000)]
  0x0000000008824800 JavaThread "Attach Listener" daemon [_thread_blocked, id=9712, stack(0x0000000009fb0000,0x000000000a0b0000)]
  0x0000000008821800 JavaThread "Signal Dispatcher" daemon [_thread_blocked, id=728, stack(0x0000000009e00000,0x0000000009f00000)]
  0x00000000087b4000 JavaThread "Finalizer" daemon [_thread_blocked, id=9248, stack(0x0000000009cd0000,0x0000000009dd0000)]
  0x00000000087ab000 JavaThread "Reference Handler" daemon [_thread_blocked, id=8404, stack(0x00000000099e0000,0x0000000009ae0000)]
  0x000000000252f000 JavaThread "main" [_thread_in_Java, id=9140, stack(0x00000000027d0000,0x00000000028d0000)]

Other Threads:
  0x00000000087a7800 VMThread [stack: 0x00000000097f0000,0x00000000098f0000] [id=9356]
  0x000000000882d800 WatcherThread [stack: 0x000000000a0c0000,0x000000000a1c0000] [id=9520]

VM state:not at safepoint (normal execution)

VM Mutex/Monitor currently owned by a thread: None

Heap
 PSYoungGen      total 287232K, used 48603K [0x00000000eaa80000, 0x00000000fe580000, 0x0000000100000000)
  eden space 262656K, 9% used [0x00000000eaa80000,0x00000000ec3cd138,0x00000000fab00000)
  from space 24576K, 92% used [0x00000000fc680000,0x00000000fdca9cb0,0x00000000fde80000)
  to   space 28160K, 0% used [0x00000000fab00000,0x00000000fab00000,0x00000000fc680000)
 ParOldGen       total 86528K, used 43986K [0x00000000c0000000, 0x00000000c5480000, 0x00000000eaa80000)
  object space 86528K, 50% used [0x00000000c0000000,0x00000000c2af49c0,0x00000000c5480000)
 PSPermGen       total 21504K, used 6032K [0x00000000bae00000, 0x00000000bc300000, 0x00000000c0000000)
  object space 21504K, 28% used [0x00000000bae00000,0x00000000bb3e41b8,0x00000000bc300000)

Card table byte_map: [0x00000000058d0000,0x0000000005b00000] byte_map_base: 0x00000000052f9000

Polling page: 0x0000000000430000

Code Cache  [0x00000000028d0000, 0x0000000002bb0000, 0x00000000058d0000)
 total_blobs=979 nmethods=741 adapters=190 free_code_cache=46308Kb largest_free_block=47379200

Compilation events (10 events):
Event: 4.524 Thread 0x0000000008826800 nmethod 739 0x0000000002b8ba50 code [0x0000000002b8bba0, 0x0000000002b8bd88]
Event: 4.524 Thread 0x0000000008826800  740             com.android.dx.cf.direct.DirectClassFile::parseToInterfacesIfNecessary (13 bytes)
Event: 4.525 Thread 0x0000000008826800 nmethod 740 0x0000000002b8dd90 code [0x0000000002b8dee0, 0x0000000002b8dfa8]
Event: 4.525 Thread 0x0000000008826800  741             com.android.dx.cf.code.Ropper::mergeAndWorkAsNecessary (102 bytes)
Event: 4.527 Thread 0x0000000008826800 nmethod 741 0x0000000002b8f190 code [0x0000000002b8f2e0, 0x0000000002b8f568]
Event: 4.527 Thread 0x0000000008826800  742             com.android.dx.cf.iface.StdMember::getAttributes (5 bytes)
Event: 4.527 Thread 0x0000000008826800 nmethod 742 0x0000000002b9f390 code [0x0000000002b9f4c0, 0x0000000002b9f518]
Event: 4.527 Thread 0x0000000008826800  743             com.android.dx.rop.cst.CstKnownNull::hashCode (3 bytes)
Event: 4.528 Thread 0x0000000008826800 nmethod 743 0x0000000002b8db90 code [0x0000000002b8dcc0, 0x0000000002b8dd18]
Event: 4.528 Thread 0x0000000008826800  744             com.android.dx.rop.cst.CstString::stringToUtf8Bytes (175 bytes)

GC Heap History (10 events):
Event: 1.188 GC heap before
{Heap before GC invocations=2 (full 0):
 PSYoungGen      total 38400K, used 38389K [0x00000000eaa80000, 0x00000000ef580000, 0x0000000100000000)
  eden space 33280K, 100% used [0x00000000eaa80000,0x00000000ecb00000,0x00000000ecb00000)
  from space 5120K, 99% used [0x00000000ecb00000,0x00000000ecffd658,0x00000000ed000000)
  to   space 5120K, 0% used [0x00000000ef080000,0x00000000ef080000,0x00000000ef580000)
 ParOldGen       total 86528K, used 999K [0x00000000c0000000, 0x00000000c5480000, 0x00000000eaa80000)
  object space 86528K, 1% used [0x00000000c0000000,0x00000000c00f9cf0,0x00000000c5480000)
 PSPermGen       total 21504K, used 5849K [0x00000000bae00000, 0x00000000bc300000, 0x00000000c0000000)
  object space 21504K, 27% used [0x00000000bae00000,0x00000000bb3b6500,0x00000000bc300000)
Event: 1.249 GC heap after
Heap after GC invocations=2 (full 0):
 PSYoungGen      total 71680K, used 5103K [0x00000000eaa80000, 0x00000000ef580000, 0x0000000100000000)
  eden space 66560K, 0% used [0x00000000eaa80000,0x00000000eaa80000,0x00000000eeb80000)
  from space 5120K, 99% used [0x00000000ef080000,0x00000000ef57bc98,0x00000000ef580000)
  to   space 5120K, 0% used [0x00000000eeb80000,0x00000000eeb80000,0x00000000ef080000)
 ParOldGen       total 86528K, used 7523K [0x00000000c0000000, 0x00000000c5480000, 0x00000000eaa80000)
  object space 86528K, 8% used [0x00000000c0000000,0x00000000c0758eb0,0x00000000c5480000)
 PSPermGen       total 21504K, used 5849K [0x00000000bae00000, 0x00000000bc300000, 0x00000000c0000000)
  object space 21504K, 27% used [0x00000000bae00000,0x00000000bb3b6500,0x00000000bc300000)
}
Event: 2.270 GC heap before
{Heap before GC invocations=3 (full 0):
 PSYoungGen      total 71680K, used 71663K [0x00000000eaa80000, 0x00000000ef580000, 0x0000000100000000)
  eden space 66560K, 100% used [0x00000000eaa80000,0x00000000eeb80000,0x00000000eeb80000)
  from space 5120K, 99% used [0x00000000ef080000,0x00000000ef57bc98,0x00000000ef580000)
  to   space 5120K, 0% used [0x00000000eeb80000,0x00000000eeb80000,0x00000000ef080000)
 ParOldGen       total 86528K, used 7523K [0x00000000c0000000, 0x00000000c5480000, 0x00000000eaa80000)
  object space 86528K, 8% used [0x00000000c0000000,0x00000000c0758eb0,0x00000000c5480000)
 PSPermGen       total 21504K, used 5896K [0x00000000bae00000, 0x00000000bc300000, 0x00000000c0000000)
  object space 21504K, 27% used [0x00000000bae00000,0x00000000bb3c2120,0x00000000bc300000)
Event: 2.332 GC heap after
Heap after GC invocations=3 (full 0):
 PSYoungGen      total 71680K, used 5111K [0x00000000eaa80000, 0x00000000f3680000, 0x0000000100000000)
  eden space 66560K, 0% used [0x00000000eaa80000,0x00000000eaa80000,0x00000000eeb80000)
  from space 5120K, 99% used [0x00000000eeb80000,0x00000000ef07dea0,0x00000000ef080000)
  to   space 5120K, 0% used [0x00000000f3180000,0x00000000f3180000,0x00000000f3680000)
 ParOldGen       total 86528K, used 17707K [0x00000000c0000000, 0x00000000c5480000, 0x00000000eaa80000)
  object space 86528K, 20% used [0x00000000c0000000,0x00000000c114ae70,0x00000000c5480000)
 PSPermGen       total 21504K, used 5896K [0x00000000bae00000, 0x00000000bc300000, 0x00000000c0000000)
  object space 21504K, 27% used [0x00000000bae00000,0x00000000bb3c2120,0x00000000bc300000)
}
Event: 2.940 GC heap before
{Heap before GC invocations=4 (full 0):
 PSYoungGen      total 71680K, used 71671K [0x00000000eaa80000, 0x00000000f3680000, 0x0000000100000000)
  eden space 66560K, 100% used [0x00000000eaa80000,0x00000000eeb80000,0x00000000eeb80000)
  from space 5120K, 99% used [0x00000000eeb80000,0x00000000ef07dea0,0x00000000ef080000)
  to   space 5120K, 0% used [0x00000000f3180000,0x00000000f3180000,0x00000000f3680000)
 ParOldGen       total 86528K, used 17707K [0x00000000c0000000, 0x00000000c5480000, 0x00000000eaa80000)
  object space 86528K, 20% used [0x00000000c0000000,0x00000000c114ae70,0x00000000c5480000)
 PSPermGen       total 21504K, used 5931K [0x00000000bae00000, 0x00000000bc300000, 0x00000000c0000000)
  object space 21504K, 27% used [0x00000000bae00000,0x00000000bb3cacd0,0x00000000bc300000)
Event: 3.004 GC heap after
Heap after GC invocations=4 (full 0):
 PSYoungGen      total 138240K, used 5111K [0x00000000eaa80000, 0x00000000f3680000, 0x0000000100000000)
  eden space 133120K, 0% used [0x00000000eaa80000,0x00000000eaa80000,0x00000000f2c80000)
  from space 5120K, 99% used [0x00000000f3180000,0x00000000f367de80,0x00000000f3680000)
  to   space 5120K, 0% used [0x00000000f2c80000,0x00000000f2c80000,0x00000000f3180000)
 ParOldGen       total 86528K, used 27280K [0x00000000c0000000, 0x00000000c5480000, 0x00000000eaa80000)
  object space 86528K, 31% used [0x00000000c0000000,0x00000000c1aa4050,0x00000000c5480000)
 PSPermGen       total 21504K, used 5931K [0x00000000bae00000, 0x00000000bc300000, 0x00000000c0000000)
  object space 21504K, 27% used [0x00000000bae00000,0x00000000bb3cacd0,0x00000000bc300000)
}
Event: 3.628 GC heap before
{Heap before GC invocations=5 (full 0):
 PSYoungGen      total 138240K, used 138231K [0x00000000eaa80000, 0x00000000f3680000, 0x0000000100000000)
  eden space 133120K, 100% used [0x00000000eaa80000,0x00000000f2c80000,0x00000000f2c80000)
  from space 5120K, 99% used [0x00000000f3180000,0x00000000f367de80,0x00000000f3680000)
  to   space 5120K, 0% used [0x00000000f2c80000,0x00000000f2c80000,0x00000000f3180000)
 ParOldGen       total 86528K, used 27280K [0x00000000c0000000, 0x00000000c5480000, 0x00000000eaa80000)
  object space 86528K, 31% used [0x00000000c0000000,0x00000000c1aa4050,0x00000000c5480000)
 PSPermGen       total 21504K, used 5962K [0x00000000bae00000, 0x00000000bc300000, 0x00000000c0000000)
  object space 21504K, 27% used [0x00000000bae00000,0x00000000bb3d2ad8,0x00000000bc300000)
Event: 3.688 GC heap after
Heap after GC invocations=5 (full 0):
 PSYoungGen      total 138240K, used 5099K [0x00000000eaa80000, 0x00000000fde80000, 0x0000000100000000)
  eden space 133120K, 0% used [0x00000000eaa80000,0x00000000eaa80000,0x00000000f2c80000)
  from space 5120K, 99% used [0x00000000f2c80000,0x00000000f317ad18,0x00000000f3180000)
  to   space 24576K, 0% used [0x00000000fc680000,0x00000000fc680000,0x00000000fde80000)
 ParOldGen       total 86528K, used 43986K [0x00000000c0000000, 0x00000000c5480000, 0x00000000eaa80000)
  object space 86528K, 50% used [0x00000000c0000000,0x00000000c2af49c0,0x00000000c5480000)
 PSPermGen       total 21504K, used 5962K [0x00000000bae00000, 0x00000000bc300000, 0x00000000c0000000)
  object space 21504K, 27% used [0x00000000bae00000,0x00000000bb3d2ad8,0x00000000bc300000)
}
Event: 4.108 GC heap before
{Heap before GC invocations=6 (full 0):
 PSYoungGen      total 138240K, used 138219K [0x00000000eaa80000, 0x00000000fde80000, 0x0000000100000000)
  eden space 133120K, 100% used [0x00000000eaa80000,0x00000000f2c80000,0x00000000f2c80000)
  from space 5120K, 99% used [0x00000000f2c80000,0x00000000f317ad18,0x00000000f3180000)
  to   space 24576K, 0% used [0x00000000fc680000,0x00000000fc680000,0x00000000fde80000)
 ParOldGen       total 86528K, used 43986K [0x00000000c0000000, 0x00000000c5480000, 0x00000000eaa80000)
  object space 86528K, 50% used [0x00000000c0000000,0x00000000c2af49c0,0x00000000c5480000)
 PSPermGen       total 21504K, used 5985K [0x00000000bae00000, 0x00000000bc300000, 0x00000000c0000000)
  object space 21504K, 27% used [0x00000000bae00000,0x00000000bb3d8670,0x00000000bc300000)
Event: 4.141 GC heap after
Heap after GC invocations=6 (full 0):
 PSYoungGen      total 287232K, used 22695K [0x00000000eaa80000, 0x00000000fe580000, 0x0000000100000000)
  eden space 262656K, 0% used [0x00000000eaa80000,0x00000000eaa80000,0x00000000fab00000)
  from space 24576K, 92% used [0x00000000fc680000,0x00000000fdca9cb0,0x00000000fde80000)
  to   space 28160K, 0% used [0x00000000fab00000,0x00000000fab00000,0x00000000fc680000)
 ParOldGen       total 86528K, used 43986K [0x00000000c0000000, 0x00000000c5480000, 0x00000000eaa80000)
  object space 86528K, 50% used [0x00000000c0000000,0x00000000c2af49c0,0x00000000c5480000)
 PSPermGen       total 21504K, used 5985K [0x00000000bae00000, 0x00000000bc300000, 0x00000000c0000000)
  object space 21504K, 27% used [0x00000000bae00000,0x00000000bb3d8670,0x00000000bc300000)
}

Deoptimization events (10 events):
Event: 3.493 Thread 0x000000000252f000 Uncommon trap: reason=bimorphic action=maybe_recompile pc=0x0000000002a11544 method=com.android.dx.ssa.LiteralOpUpgrader.tryReplacingWithConstant(Lcom/android/dx/ssa/NormalSsaInsn;)Z @ 62
Event: 3.493 Thread 0x000000000252f000 Uncommon trap: reason=bimorphic action=maybe_recompile pc=0x0000000002a10ad0 method=com.android.dx.ssa.LiteralOpUpgrader.tryReplacingWithConstant(Lcom/android/dx/ssa/NormalSsaInsn;)Z @ 62
Event: 3.543 Thread 0x000000000a631800 Uncommon trap: reason=unreached action=reinterpret pc=0x0000000002a29134 method=com.android.dx.cf.code.Merger.mergeLocals(Lcom/android/dx/cf/code/OneLocalsArray;Lcom/android/dx/cf/code/OneLocalsArray;)Lcom/android/dx/cf/code/OneLocalsArray; @ 2
Event: 3.596 Thread 0x000000000a631800 Uncommon trap: reason=unreached action=reinterpret pc=0x0000000002afa3a8 method=com.android.dx.cf.code.Merger.mergeStack(Lcom/android/dx/cf/code/ExecutionStack;Lcom/android/dx/cf/code/ExecutionStack;)Lcom/android/dx/cf/code/ExecutionStack; @ 2
Event: 3.779 Thread 0x000000000a7fc800 Uncommon trap: reason=null_check action=make_not_entrant pc=0x0000000002b0b8ac method=com.android.dx.dex.file.FieldIdsSection.intern(Lcom/android/dx/rop/cst/CstFieldRef;)Lcom/android/dx/dex/file/FieldIdItem; @ 26
Event: 3.822 Thread 0x000000000a633000 Uncommon trap: reason=null_check action=make_not_entrant pc=0x0000000002b0b8ac method=com.android.dx.dex.file.FieldIdsSection.intern(Lcom/android/dx/rop/cst/CstFieldRef;)Lcom/android/dx/dex/file/FieldIdItem; @ 26
Event: 3.857 Thread 0x000000000a7fc800 Uncommon trap: reason=class_check action=maybe_recompile pc=0x0000000002a9badc method=com.android.dx.ssa.SCCP.replaceConstants()V @ 127
Event: 4.055 Thread 0x000000000a633000 Uncommon trap: reason=class_check action=maybe_recompile pc=0x0000000002aabdd0 method=com.android.dx.cf.code.RopperMachine.run(Lcom/android/dx/cf/code/Frame;II)V @ 1024
Event: 4.055 Thread 0x000000000a633000 Uncommon trap: reason=class_check action=maybe_recompile pc=0x0000000002aabdd0 method=com.android.dx.cf.code.RopperMachine.run(Lcom/android/dx/cf/code/Frame;II)V @ 1024
Event: 4.055 Thread 0x000000000a633000 Uncommon trap: reason=class_check action=maybe_recompile pc=0x0000000002aabdd0 method=com.android.dx.cf.code.RopperMachine.run(Lcom/android/dx/cf/code/Frame;II)V @ 1024

Internal exceptions (10 events):
Event: 0.491 Thread 0x000000000a632800 Threw 0x00000000eb9b2340 at C:\re\jdk7u45\229\hotspot\src\share\vm\prims\jvm.cpp:1244
Event: 0.547 Thread 0x000000000a633000 Threw 0x00000000eb8b8030 at C:\re\jdk7u45\229\hotspot\src\share\vm\prims\jvm.cpp:1244
Event: 0.938 Thread 0x000000000a7fc800 Threw 0x00000000eace7678 at C:\re\jdk7u45\229\hotspot\src\share\vm\prims\jvm.cpp:1244
Event: 1.601 Thread 0x000000000a632800 Threw 0x00000000ebd496e8 at C:\re\jdk7u45\229\hotspot\src\share\vm\prims\jvm.cpp:1244
Event: 1.696 Thread 0x000000000252f000 Implicit null exception at 0x00000000029d0eb8 to 0x00000000029d4cc9
Event: 2.638 Thread 0x000000000252f000 Threw 0x00000000ec4eac20 at C:\re\jdk7u45\229\hotspot\src\share\vm\prims\jvm.cpp:1244
Event: 3.271 Thread 0x000000000a633000 Implicit null exception at 0x0000000002aa2820 to 0x0000000002aa361c
Event: 3.437 Thread 0x000000000252f000 Implicit null exception at 0x0000000002a98d83 to 0x0000000002a99461
Event: 4.451 Thread 0x000000000252f000 Threw 0x00000000ec2a12e0 at C:\re\jdk7u45\229\hotspot\src\share\vm\prims\jvm.cpp:1244
Event: 4.468 Thread 0x000000000252f000 Threw 0x00000000ec2e5260 at C:\re\jdk7u45\229\hotspot\src\share\vm\prims\jvm.cpp:1244

Events (10 events):
Event: 4.449 loading class 0x00000000025e6920
Event: 4.449 loading class 0x00000000025e6920 done
Event: 4.449 loading class 0x000000000a6519e0 done
Event: 4.449 loading class 0x00000000025e6aa0 done
Event: 4.449 loading class 0x00000000025e6a70
Event: 4.449 loading class 0x00000000025e6a70 done
Event: 4.451 loading class 0x000000000a7ffe60
Event: 4.451 loading class 0x000000000a7ffe60 done
Event: 4.468 loading class 0x000000000a75eaf0
Event: 4.468 loading class 0x000000000a75eaf0 done


Dynamic libraries:
0x000000013fa80000 - 0x000000013fab3000 	C:\Program Files\Java\jdk1.7.0_45\bin\java.exe
0x0000000076ed0000 - 0x0000000077078000 	C:\windows\SYSTEM32\ntdll.dll
0x0000000076db0000 - 0x0000000076ecf000 	C:\windows\system32\kernel32.dll
0x000007fefccc0000 - 0x000007fefcd2c000 	C:\windows\system32\KERNELBASE.dll
0x000007fefdbc0000 - 0x000007fefdc9b000 	C:\windows\system32\ADVAPI32.dll
0x000007fefd070000 - 0x000007fefd10f000 	C:\windows\system32\msvcrt.dll
0x000007fefedb0000 - 0x000007fefedcf000 	C:\windows\SYSTEM32\sechost.dll
0x000007fefceb0000 - 0x000007fefcfdd000 	C:\windows\system32\RPCRT4.dll
0x0000000076cb0000 - 0x0000000076daa000 	C:\windows\system32\USER32.dll
0x000007fefdca0000 - 0x000007fefdd07000 	C:\windows\system32\GDI32.dll
0x000007fefdbb0000 - 0x000007fefdbbe000 	C:\windows\system32\LPK.dll
0x000007fefdac0000 - 0x000007fefdb89000 	C:\windows\system32\USP10.dll
0x000007fefae30000 - 0x000007fefb024000 	C:\windows\WinSxS\amd64_microsoft.windows.common-controls_6595b64144ccf1df_6.0.7601.18837_none_fa3b1e3d17594757\COMCTL32.dll
0x000007fefd470000 - 0x000007fefd4e1000 	C:\windows\system32\SHLWAPI.dll
0x000007fefd500000 - 0x000007fefd52e000 	C:\windows\system32\IMM32.DLL
0x000007fefdd10000 - 0x000007fefde19000 	C:\windows\system32\MSCTF.dll
0x00000000569f0000 - 0x0000000056ac2000 	C:\Program Files\Java\jdk1.7.0_45\jre\bin\msvcr100.dll
0x00000000525c0000 - 0x0000000052d89000 	C:\Program Files\Java\jdk1.7.0_45\jre\bin\server\jvm.dll
0x000007fef3340000 - 0x000007fef3349000 	C:\windows\system32\WSOCK32.dll
0x000007fefd740000 - 0x000007fefd78d000 	C:\windows\system32\WS2_32.dll
0x000007fefd4f0000 - 0x000007fefd4f8000 	C:\windows\system32\NSI.dll
0x000007fefcd60000 - 0x000007fefcd9b000 	C:\windows\system32\WINMM.dll
0x00000000770a0000 - 0x00000000770a7000 	C:\windows\system32\PSAPI.DLL
0x0000000056530000 - 0x000000005653f000 	C:\Program Files\Java\jdk1.7.0_45\jre\bin\verify.dll
0x00000000564a0000 - 0x00000000564c8000 	C:\Program Files\Java\jdk1.7.0_45\jre\bin\java.dll
0x00000000564e0000 - 0x00000000564f5000 	C:\Program Files\Java\jdk1.7.0_45\jre\bin\zip.dll
0x0000000056480000 - 0x0000000056499000 	C:\Program Files\Java\jdk1.7.0_45\jre\bin\net.dll
0x000007fefc1f0000 - 0x000007fefc245000 	C:\windows\system32\mswsock.dll
0x000007fefc1e0000 - 0x000007fefc1e7000 	C:\windows\System32\wship6.dll
0x0000000056460000 - 0x0000000056471000 	C:\Program Files\Java\jdk1.7.0_45\jre\bin\nio.dll

VM Arguments:
jvm_args: -Djava.awt.headless=true -Xmx1024M -Dfile.encoding=GBK -Duser.country=CN -Duser.language=zh -Duser.variant 
java_command: com.android.dx.command.Main --dex --num-threads=4 --output C:\Users\Android\Desktop\snv\AngelDoctor\app\build\intermediates\pre-dexed\release\pushservice-5.0.0.66_a3afc1f744974ef4bd1e7f6631523e2af5bed75d.jar C:\Users\Android\Desktop\snv\AngelDoctor\app\src\main\libs\pushservice-5.0.0.66.jar
Launcher Type: SUN_STANDARD

Environment Variables:
JAVA_HOME=C:\Program Files\Java\jdk1.7.0_45
CLASSPATH=.;C:\Program Files\Java\jdk1.7.0_45\lib\dt.jar;C:\Program Files\Java\jdk1.7.0_45\lib\tools.jar;
PATH=C:\Program Files (x86)\Intel\iCLS Client\;C:\Program Files\Intel\iCLS Client\;C:\windows\system32;C:\windows;C:\windows\System32\Wbem;C:\windows\System32\WindowsPowerShell\v1.0\;C:\Program Files\Intel\Intel(R) Management Engine Components\DAL;C:\Program Files\Intel\Intel(R) Management Engine Components\IPT;C:\Program Files (x86)\Intel\Intel(R) Management Engine Components\DAL;C:\Program Files (x86)\Intel\Intel(R) Management Engine Components\IPT;C:\Program Files\Java\jdk1.7.0_45\bin;D:\sdk\tools;D:\sdk\platform-tools;D:\apache-ant-1.9.4\bin;C:\Program Files\Java\jdk1.7.0_45\bin; ;C:\Program Files (x86)\Common Files\ThinPrint\;E:\android-ndk-r10c;E:\Program Files (x86)\Subversion\bin;C:\Program Files\TortoiseSVN\bin
USERNAME=Android
OS=Windows_NT
PROCESSOR_IDENTIFIER=Intel64 Family 6 Model 45 Stepping 7, GenuineIntel



---------------  S Y S T E M  ---------------

OS: Windows 7 , 64 bit Build 7601 Service Pack 1

CPU:total 4 (4 cores per cpu, 1 threads per core) family 6 model 45 stepping 7, cmov, cx8, fxsr, mmx, sse, sse2, sse3, ssse3, sse4.1, sse4.2, popcnt, avx, aes, tsc, tscinvbit, tscinv

Memory: 4k page, physical 8313796k(1163004k free), swap 8311944k(5108k free)

vm_info: Java HotSpot(TM) 64-Bit Server VM (24.45-b08) for windows-amd64 JRE (1.7.0_45-b18), built on Oct  8 2013 05:47:22 by "java_re" with unknown MS VC++:1600

time: Wed Jun 29 14:35:58 2016
elapsed time: 4 seconds

