#
# There is insufficient memory for the Java Runtime Environment to continue.
# Native memory allocation (malloc) failed to allocate 131088 bytes for Chunk::new
# Possible reasons:
#   The system is out of physical RAM or swap space
#   In 32 bit mode, the process size limit was hit
# Possible solutions:
#   Reduce memory load on the system
#   Increase physical memory or swap space
#   Check if swap backing store is full
#   Use 64 bit Java on a 64 bit OS
#   Decrease Java heap size (-Xmx/-Xms)
#   Decrease number of Java threads
#   Decrease Java thread stack sizes (-Xss)
#   Set larger code cache with -XX:ReservedCodeCacheSize=
# This output file may be truncated or incomplete.
#
#  Out of Memory Error (allocation.cpp:323), pid=6692, tid=8372
#
# JRE version: Java(TM) SE Runtime Environment (7.0_45-b18) (build 1.7.0_45-b18)
# Java VM: Java HotSpot(TM) 64-Bit Server VM (24.45-b08 mixed mode windows-amd64 compressed oops)
# Failed to write core dump. Minidumps are not enabled by default on client versions of Windows
#

---------------  T H R E A D  ---------------

Current thread (0x0000000009fe2000):  JavaThread "C2 CompilerThread1" daemon [_thread_in_native, id=8372, stack(0x0000000009da0000,0x0000000009ea0000)]

Stack: [0x0000000009da0000,0x0000000009ea0000]

Current CompileTask:
C2:   5766  300             com.android.dx.ssa.DeadCodeRemover::run (194 bytes)


---------------  P R O C E S S  ---------------

Java Threads: ( => current thread )
  0x000000000a1dd800 JavaThread "pool-1-thread-4" [_thread_blocked, id=4068, stack(0x000000000ad00000,0x000000000ae00000)]
  0x000000000a2b5800 JavaThread "pool-1-thread-3" [_thread_in_vm, id=7684, stack(0x000000000ae70000,0x000000000af70000)]
  0x000000000a2b4800 JavaThread "pool-1-thread-2" [_thread_blocked, id=8524, stack(0x000000000abf0000,0x000000000acf0000)]
  0x000000000a19f000 JavaThread "pool-2-thread-1" [_thread_blocked, id=9180, stack(0x000000000a9d0000,0x000000000aad0000)]
  0x000000000a19d000 JavaThread "pool-1-thread-1" [_thread_blocked, id=6656, stack(0x000000000a770000,0x000000000a870000)]
  0x0000000009fe2800 JavaThread "Service Thread" daemon [_thread_blocked, id=6548, stack(0x000000000a5b0000,0x000000000a6b0000)]
=>0x0000000009fe2000 JavaThread "C2 CompilerThread1" daemon [_thread_in_native, id=8372, stack(0x0000000009da0000,0x0000000009ea0000)]
  0x0000000008814800 JavaThread "C2 CompilerThread0" daemon [_thread_in_native, id=7584, stack(0x0000000009b70000,0x0000000009c70000)]
  0x0000000008812000 JavaThread "Attach Listener" daemon [_thread_blocked, id=6340, stack(0x0000000009ee0000,0x0000000009fe0000)]
  0x000000000880b800 JavaThread "Signal Dispatcher" daemon [_thread_blocked, id=8732, stack(0x0000000009ca0000,0x0000000009da0000)]
  0x00000000087a6000 JavaThread "Finalizer" daemon [_thread_blocked, id=8392, stack(0x00000000097a0000,0x00000000098a0000)]
  0x000000000879b000 JavaThread "Reference Handler" daemon [_thread_blocked, id=2968, stack(0x0000000009a50000,0x0000000009b50000)]
  0x000000000240e000 JavaThread "main" [_thread_blocked, id=3288, stack(0x0000000002600000,0x0000000002700000)]

Other Threads:
  0x0000000008797800 VMThread [stack: 0x00000000098e0000,0x00000000099e0000] [id=8756]
  0x0000000009fec000 WatcherThread [stack: 0x000000000a430000,0x000000000a530000] [id=5732]

VM state:not at safepoint (normal execution)

VM Mutex/Monitor currently owned by a thread: None

Heap
 PSYoungGen      total 71680K, used 26772K [0x00000000eaa80000, 0x00000000ef580000, 0x0000000100000000)
  eden space 66560K, 32% used [0x00000000eaa80000,0x00000000ebfaafe8,0x00000000eeb80000)
  from space 5120K, 99% used [0x00000000ef080000,0x00000000ef57a048,0x00000000ef580000)
  to   space 5120K, 0% used [0x00000000eeb80000,0x00000000eeb80000,0x00000000ef080000)
 ParOldGen       total 86528K, used 8393K [0x00000000c0000000, 0x00000000c5480000, 0x00000000eaa80000)
  object space 86528K, 9% used [0x00000000c0000000,0x00000000c08326a0,0x00000000c5480000)
 PSPermGen       total 21504K, used 5859K [0x00000000bae00000, 0x00000000bc300000, 0x00000000c0000000)
  object space 21504K, 27% used [0x00000000bae00000,0x00000000bb3b8db8,0x00000000bc300000)

Card table byte_map: [0x0000000005700000,0x0000000005930000] byte_map_base: 0x0000000005129000

Polling page: 0x0000000000230000

Code Cache  [0x0000000002700000, 0x0000000002970000, 0x0000000005700000)
 total_blobs=536 nmethods=298 adapters=190 free_code_cache=47896Kb largest_free_block=49009664

Compilation events (10 events):
Event: 5.685 Thread 0x0000000009fe2000 nmethod 295 0x00000000028176d0 code [0x0000000002817820, 0x0000000002817a08]
Event: 5.685 Thread 0x0000000009fe2000  296             com.android.dx.rop.code.BasicBlockList::set (12 bytes)
Event: 5.687 Thread 0x0000000009fe2000 nmethod 296 0x00000000028321d0 code [0x0000000002832340, 0x0000000002832558]
Event: 5.687 Thread 0x0000000009fe2000  297             com.android.dx.rop.code.RopMethod::labelToPredecessors (54 bytes)
Event: 5.687 Thread 0x0000000009fe2000 nmethod 297 0x0000000002831e90 code [0x0000000002831fe0, 0x00000000028320a8]
Event: 5.687 Thread 0x0000000009fe2000  298             com.android.dx.cf.code.RopperMachine::getSources (264 bytes)
Event: 5.700 Thread 0x0000000009fe2000 nmethod 298 0x000000000283eb90 code [0x000000000283ed80, 0x000000000283f7f8]
Event: 5.700 Thread 0x0000000009fe2000  299             com.android.dx.cf.code.BaseMachine::storeResults (90 bytes)
Event: 5.713 Thread 0x0000000009fe2000 nmethod 299 0x00000000028406d0 code [0x0000000002840940, 0x0000000002841560]
Event: 5.713 Thread 0x0000000009fe2000  300             com.android.dx.ssa.DeadCodeRemover::run (194 bytes)

GC Heap History (4 events):
Event: 3.876 GC heap before
{Heap before GC invocations=1 (full 0):
 PSYoungGen      total 38400K, used 33280K [0x00000000eaa80000, 0x00000000ed500000, 0x0000000100000000)
  eden space 33280K, 100% used [0x00000000eaa80000,0x00000000ecb00000,0x00000000ecb00000)
  from space 5120K, 0% used [0x00000000ed000000,0x00000000ed000000,0x00000000ed500000)
  to   space 5120K, 0% used [0x00000000ecb00000,0x00000000ecb00000,0x00000000ed000000)
 ParOldGen       total 86528K, used 0K [0x00000000c0000000, 0x00000000c5480000, 0x00000000eaa80000)
  object space 86528K, 0% used [0x00000000c0000000,0x00000000c0000000,0x00000000c5480000)
 PSPermGen       total 21504K, used 5793K [0x00000000bae00000, 0x00000000bc300000, 0x00000000c0000000)
  object space 21504K, 26% used [0x00000000bae00000,0x00000000bb3a8778,0x00000000bc300000)
Event: 3.943 GC heap after
Heap after GC invocations=1 (full 0):
 PSYoungGen      total 38400K, used 5103K [0x00000000eaa80000, 0x00000000ef580000, 0x0000000100000000)
  eden space 33280K, 0% used [0x00000000eaa80000,0x00000000eaa80000,0x00000000ecb00000)
  from space 5120K, 99% used [0x00000000ecb00000,0x00000000ecffbc98,0x00000000ed000000)
  to   space 5120K, 0% used [0x00000000ef080000,0x00000000ef080000,0x00000000ef580000)
 ParOldGen       total 86528K, used 2394K [0x00000000c0000000, 0x00000000c5480000, 0x00000000eaa80000)
  object space 86528K, 2% used [0x00000000c0000000,0x00000000c0256b10,0x00000000c5480000)
 PSPermGen       total 21504K, used 5793K [0x00000000bae00000, 0x00000000bc300000, 0x00000000c0000000)
  object space 21504K, 26% used [0x00000000bae00000,0x00000000bb3a8778,0x00000000bc300000)
}
Event: 4.584 GC heap before
{Heap before GC invocations=2 (full 0):
 PSYoungGen      total 38400K, used 38383K [0x00000000eaa80000, 0x00000000ef580000, 0x0000000100000000)
  eden space 33280K, 100% used [0x00000000eaa80000,0x00000000ecb00000,0x00000000ecb00000)
  from space 5120K, 99% used [0x00000000ecb00000,0x00000000ecffbc98,0x00000000ed000000)
  to   space 5120K, 0% used [0x00000000ef080000,0x00000000ef080000,0x00000000ef580000)
 ParOldGen       total 86528K, used 2394K [0x00000000c0000000, 0x00000000c5480000, 0x00000000eaa80000)
  object space 86528K, 2% used [0x00000000c0000000,0x00000000c0256b10,0x00000000c5480000)
 PSPermGen       total 21504K, used 5846K [0x00000000bae00000, 0x00000000bc300000, 0x00000000c0000000)
  object space 21504K, 27% used [0x00000000bae00000,0x00000000bb3b5990,0x00000000bc300000)
Event: 4.903 GC heap after
Heap after GC invocations=2 (full 0):
 PSYoungGen      total 71680K, used 5096K [0x00000000eaa80000, 0x00000000ef580000, 0x0000000100000000)
  eden space 66560K, 0% used [0x00000000eaa80000,0x00000000eaa80000,0x00000000eeb80000)
  from space 5120K, 99% used [0x00000000ef080000,0x00000000ef57a048,0x00000000ef580000)
  to   space 5120K, 0% used [0x00000000eeb80000,0x00000000eeb80000,0x00000000ef080000)
 ParOldGen       total 86528K, used 8393K [0x00000000c0000000, 0x00000000c5480000, 0x00000000eaa80000)
  object space 86528K, 9% used [0x00000000c0000000,0x00000000c08326a0,0x00000000c5480000)
 PSPermGen       total 21504K, used 5846K [0x00000000bae00000, 0x00000000bc300000, 0x00000000c0000000)
  object space 21504K, 27% used [0x00000000bae00000,0x00000000bb3b5990,0x00000000bc300000)
}

Deoptimization events (10 events):
Event: 4.058 Thread 0x000000000a2b4800 Uncommon trap: reason=bimorphic action=maybe_recompile pc=0x00000000027c0490 method=java.util.HashMap.put(Ljava/lang/Object;Ljava/lang/Object;)Ljava/lang/Object; @ 83
Event: 4.098 Thread 0x000000000a2b4800 Uncommon trap: reason=class_check action=maybe_recompile pc=0x0000000002790778 method=com.android.dx.ssa.NormalSsaInsn.accept(Lcom/android/dx/ssa/SsaInsn$Visitor;)V @ 9
Event: 4.099 Thread 0x000000000a2b4800 Uncommon trap: reason=class_check action=maybe_recompile pc=0x000000000277d5c0 method=com.android.dx.ssa.NormalSsaInsn.accept(Lcom/android/dx/ssa/SsaInsn$Visitor;)V @ 9
Event: 4.153 Thread 0x000000000240e000 Uncommon trap: reason=class_check action=maybe_recompile pc=0x00000000027c670c method=com.android.dx.ssa.SCCP.simulateBranch(Lcom/android/dx/ssa/SsaInsn;)V @ 145
Event: 4.323 Thread 0x000000000240e000 Uncommon trap: reason=class_check action=maybe_recompile pc=0x00000000027c670c method=com.android.dx.ssa.SCCP.simulateBranch(Lcom/android/dx/ssa/SsaInsn;)V @ 145
Event: 4.324 Thread 0x000000000240e000 Uncommon trap: reason=class_check action=maybe_recompile pc=0x00000000027c670c method=com.android.dx.ssa.SCCP.simulateBranch(Lcom/android/dx/ssa/SsaInsn;)V @ 145
Event: 4.324 Thread 0x000000000240e000 Uncommon trap: reason=class_check action=maybe_recompile pc=0x00000000027c670c method=com.android.dx.ssa.SCCP.simulateBranch(Lcom/android/dx/ssa/SsaInsn;)V @ 145
Event: 4.348 Thread 0x000000000a2b5800 Uncommon trap: reason=null_check action=make_not_entrant pc=0x00000000027e2b3c method=com.android.dx.cf.code.Ropper$CatchInfo.getSetup(Lcom/android/dx/rop/type/Type;)Lcom/android/dx/cf/code/Ropper$ExceptionHandlerSetup; @ 10
Event: 5.728 Thread 0x000000000a19d000 Uncommon trap: reason=bimorphic action=maybe_recompile pc=0x000000000281cd7c method=com.android.dx.cf.code.BytecodeArray.parseInstruction(ILcom/android/dx/cf/code/BytecodeArray$Visitor;)I @ 2281
Event: 5.728 Thread 0x000000000a19d000 Uncommon trap: reason=bimorphic action=maybe_recompile pc=0x000000000281cd7c method=com.android.dx.cf.code.BytecodeArray.parseInstruction(ILcom/android/dx/cf/code/BytecodeArray$Visitor;)I @ 2281

Internal exceptions (10 events):
Event: 3.584 Thread 0x000000000a2b5800 Threw 0x00000000eb606fe8 at C:\re\jdk7u45\229\hotspot\src\share\vm\prims\jvm.cpp:1244
Event: 3.585 Thread 0x000000000a2b5800 Threw 0x00000000eb60a9b8 at C:\re\jdk7u45\229\hotspot\src\share\vm\prims\jvm.cpp:1244
Event: 3.592 Thread 0x000000000240e000 Threw 0x00000000ebe45f38 at C:\re\jdk7u45\229\hotspot\src\share\vm\prims\jvm.cpp:1244
Event: 3.593 Thread 0x000000000240e000 Threw 0x00000000ebe4bc98 at C:\re\jdk7u45\229\hotspot\src\share\vm\prims\jvm.cpp:1244
Event: 3.593 Thread 0x000000000240e000 Threw 0x00000000ebe55518 at C:\re\jdk7u45\229\hotspot\src\share\vm\prims\jvm.cpp:1244
Event: 3.594 Thread 0x000000000240e000 Threw 0x00000000ebe57860 at C:\re\jdk7u45\229\hotspot\src\share\vm\prims\jvm.cpp:1244
Event: 3.594 Thread 0x000000000240e000 Threw 0x00000000ebe5a838 at C:\re\jdk7u45\229\hotspot\src\share\vm\prims\jvm.cpp:1244
Event: 3.594 Thread 0x000000000240e000 Threw 0x00000000ebe5c8c8 at C:\re\jdk7u45\229\hotspot\src\share\vm\prims\jvm.cpp:1244
Event: 3.651 Thread 0x000000000a1dd800 Threw 0x00000000ec1abb20 at C:\re\jdk7u45\229\hotspot\src\share\vm\prims\jvm.cpp:1244
Event: 4.348 Thread 0x000000000a2b5800 Implicit null exception at 0x00000000027e0d3d to 0x00000000027e2b31

Events (10 events):
Event: 4.348 Thread 0x000000000a2b5800 DEOPT PACKING pc=0x00000000027e2b3c sp=0x000000000af6ef10
Event: 4.348 Thread 0x000000000a2b5800 DEOPT UNPACKING pc=0x00000000027375a4 sp=0x000000000af6ee48 mode 2
Event: 4.480 Executing VM operation: ParallelGCFailedAllocation
Event: 4.903 Executing VM operation: ParallelGCFailedAllocation done
Event: 5.728 Thread 0x000000000a19d000 Uncommon trap: trap_request=0xffffffc6 fr.pc=0x000000000281cd7c
Event: 5.728 Thread 0x000000000a19d000 DEOPT PACKING pc=0x000000000281cd7c sp=0x000000000a86ead0
Event: 5.728 Thread 0x000000000a19d000 DEOPT UNPACKING pc=0x00000000027375a4 sp=0x000000000a86ea80 mode 2
Event: 5.728 Thread 0x000000000a19d000 Uncommon trap: trap_request=0xffffffc6 fr.pc=0x000000000281cd7c
Event: 5.728 Thread 0x000000000a19d000 DEOPT PACKING pc=0x000000000281cd7c sp=0x000000000a86eaa0
Event: 5.728 Thread 0x000000000a19d000 DEOPT UNPACKING pc=0x00000000027375a4 sp=0x000000000a86ea50 mode 2


Dynamic libraries:
0x000000013fc90000 - 0x000000013fcc3000 	C:\Program Files\Java\jdk1.7.0_45\bin\java.exe
0x0000000076fe0000 - 0x0000000077188000 	C:\windows\SYSTEM32\ntdll.dll
0x0000000076d80000 - 0x0000000076e9f000 	C:\windows\system32\kernel32.dll
0x000007fefcd20000 - 0x000007fefcd8c000 	C:\windows\system32\KERNELBASE.dll
0x000007fefde40000 - 0x000007fefdf1b000 	C:\windows\system32\ADVAPI32.dll
0x000007fefd290000 - 0x000007fefd32f000 	C:\windows\system32\msvcrt.dll
0x000007fefdd10000 - 0x000007fefdd2f000 	C:\windows\SYSTEM32\sechost.dll
0x000007fefd840000 - 0x000007fefd96d000 	C:\windows\system32\RPCRT4.dll
0x0000000076c80000 - 0x0000000076d7a000 	C:\windows\system32\USER32.dll
0x000007fefdd30000 - 0x000007fefdd97000 	C:\windows\system32\GDI32.dll
0x000007fefd680000 - 0x000007fefd68e000 	C:\windows\system32\LPK.dll
0x000007fefd980000 - 0x000007fefda49000 	C:\windows\system32\USP10.dll
0x000007fefb2d0000 - 0x000007fefb4c4000 	C:\windows\WinSxS\amd64_microsoft.windows.common-controls_6595b64144ccf1df_6.0.7601.18837_none_fa3b1e3d17594757\COMCTL32.dll
0x000007fefdf20000 - 0x000007fefdf91000 	C:\windows\system32\SHLWAPI.dll
0x000007fefd440000 - 0x000007fefd46e000 	C:\windows\system32\IMM32.DLL
0x000007fefd730000 - 0x000007fefd839000 	C:\windows\system32\MSCTF.dll
0x0000000077770000 - 0x0000000077842000 	C:\Program Files\Java\jdk1.7.0_45\jre\bin\msvcr100.dll
0x00000000513e0000 - 0x0000000051ba9000 	C:\Program Files\Java\jdk1.7.0_45\jre\bin\server\jvm.dll
0x000007fef2e40000 - 0x000007fef2e49000 	C:\windows\system32\WSOCK32.dll
0x000007fefe020000 - 0x000007fefe06d000 	C:\windows\system32\WS2_32.dll
0x000007fefd970000 - 0x000007fefd978000 	C:\windows\system32\NSI.dll
0x000007fefcb80000 - 0x000007fefcbbb000 	C:\windows\system32\WINMM.dll
0x00000000771a0000 - 0x00000000771a7000 	C:\windows\system32\PSAPI.DLL
0x0000000064ff0000 - 0x0000000064fff000 	C:\Program Files\Java\jdk1.7.0_45\jre\bin\verify.dll
0x00000000530c0000 - 0x00000000530e8000 	C:\Program Files\Java\jdk1.7.0_45\jre\bin\java.dll
0x00000000642d0000 - 0x00000000642e5000 	C:\Program Files\Java\jdk1.7.0_45\jre\bin\zip.dll
0x0000000064270000 - 0x0000000064289000 	C:\Program Files\Java\jdk1.7.0_45\jre\bin\net.dll
0x000007fefc300000 - 0x000007fefc355000 	C:\windows\system32\mswsock.dll
0x000007fefc2f0000 - 0x000007fefc2f7000 	C:\windows\System32\wship6.dll
0x0000000059020000 - 0x0000000059031000 	C:\Program Files\Java\jdk1.7.0_45\jre\bin\nio.dll

VM Arguments:
jvm_args: -Djava.awt.headless=true -Xmx1024M -Dfile.encoding=GBK -Duser.country=CN -Duser.language=zh -Duser.variant 
java_command: com.android.dx.command.Main --dex --force-jumbo --num-threads=4 --output C:\Users\Android\Desktop\snv\AngelDoctor\app\build\intermediates\pre-dexed\debug\pushservice-5.0.0.66_a3afc1f744974ef4bd1e7f6631523e2af5bed75d.jar C:\Users\Android\Desktop\snv\AngelDoctor\app\src\main\libs\pushservice-5.0.0.66.jar
Launcher Type: SUN_STANDARD

Environment Variables:
JAVA_HOME=C:\Program Files\Java\jdk1.7.0_45
CLASSPATH=.;C:\Program Files\Java\jdk1.7.0_45\lib\dt.jar;C:\Program Files\Java\jdk1.7.0_45\lib\tools.jar;
PATH=C:\Program Files (x86)\Intel\iCLS Client\;C:\Program Files\Intel\iCLS Client\;C:\windows\system32;C:\windows;C:\windows\System32\Wbem;C:\windows\System32\WindowsPowerShell\v1.0\;C:\Program Files\Intel\Intel(R) Management Engine Components\DAL;C:\Program Files\Intel\Intel(R) Management Engine Components\IPT;C:\Program Files (x86)\Intel\Intel(R) Management Engine Components\DAL;C:\Program Files (x86)\Intel\Intel(R) Management Engine Components\IPT;C:\Program Files\Java\jdk1.7.0_45\bin;D:\sdk\tools;D:\sdk\platform-tools;D:\apache-ant-1.9.4\bin;C:\Program Files\Java\jdk1.7.0_45\bin; ;C:\Program Files (x86)\Common Files\ThinPrint\;E:\android-ndk-r10c;E:\Program Files (x86)\Subversion\bin;C:\Program Files\TortoiseSVN\bin
USERNAME=Android
OS=Windows_NT
PROCESSOR_IDENTIFIER=Intel64 Family 6 Model 45 Stepping 7, GenuineIntel



---------------  S Y S T E M  ---------------

OS: Windows 7 , 64 bit Build 7601 Service Pack 1

CPU:total 4 (4 cores per cpu, 1 threads per core) family 6 model 45 stepping 7, cmov, cx8, fxsr, mmx, sse, sse2, sse3, ssse3, sse4.1, sse4.2, popcnt, avx, aes, tsc, tscinvbit, tscinv

Memory: 4k page, physical 8313796k(1250008k free), swap 8311944k(5104k free)

vm_info: Java HotSpot(TM) 64-Bit Server VM (24.45-b08) for windows-amd64 JRE (1.7.0_45-b18), built on Oct  8 2013 05:47:22 by "java_re" with unknown MS VC++:1600

time: Tue Jun 28 20:36:33 2016
elapsed time: 5 seconds

