#
# A fatal error has been detected by the Java Runtime Environment:
#
#  EXCEPTION_ACCESS_VIOLATION (0xc0000005) at pc=0x000000005241a487, pid=13708, tid=10880
#
# JRE version: Java(TM) SE Runtime Environment (7.0_45-b18) (build 1.7.0_45-b18)
# Java VM: Java HotSpot(TM) 64-Bit Server VM (24.45-b08 mixed mode windows-amd64 compressed oops)
# Problematic frame:
# V  [jvm.dll+0x1ca487]
#
# Failed to write core dump. Minidumps are not enabled by default on client versions of Windows
#
# If you would like to submit a bug report, please visit:
#   http://bugreport.sun.com/bugreport/crash.jsp
#

---------------  T H R E A D  ---------------

Current thread (0x000000000882f000):  JavaThread "Signal Dispatcher" daemon [_thread_in_vm, id=10880, stack(0x0000000009890000,0x0000000009990000)]

siginfo: ExceptionCode=0xc0000005, writing address 0x000000000998a2c0

Registers:
RAX=0x000000000998a2c0, RBX=0x0000000000000006, RCX=0x0000000000005000, RDX=0x0000000009899168
RSP=0x000000000998f2c0, RBP=0x0000000000000000, RSI=0x000000000998f2c0, RDI=0x0000000000000006
R8 =0x0000000000000009, R9 =0x000000000882f000, R10=0x000000000998f500, R11=0x000000000998f690
R12=0x000000000998f690, R13=0x000000000998f408, R14=0x000000000998f510, R15=0x00000000029b0780
RIP=0x000000005241a487, EFLAGS=0x0000000000010206

Top of Stack: (sp=0x000000000998f2c0)
0x000000000998f2c0:   00000000087d6380 0000000000000000
0x000000000998f2d0:   0000000000000000 00000000522eeb03
0x000000000998f2e0:   0000000000000000 000000005241afca
0x000000000998f2f0:   000000000998f500 00000000087d6380
0x000000000998f300:   000000000882f000 000000000882f000
0x000000000998f310:   00000000000002c8 00000000000002c8
0x000000000998f320:   0000000000000000 00000000522f1cad
0x000000000998f330:   000000000882f000 0000000000000000
0x000000000998f340:   00000000770cd660 0000000000000001
0x000000000998f350:   00000000087d6380 0000000000000006
0x000000000998f360:   000000000882f000 0000000000000001
0x000000000998f370:   00000000770cd660 000000005279f2a3
0x000000000998f380:   000000000882f000 000000000250ebf0
0x000000000998f390:   000000000882f000 000000000998f510
0x000000000998f3a0:   00000000025104f0 000000000998f690
0x000000000998f3b0:   000000000882f000 00000000025104f0 

Instructions: (pc=0x000000005241a487)
0x000000005241a467:   48 89 6c 24 30 33 ed 66 90 e8 7b ac 07 00 ff c3
0x000000005241a477:   48 63 c8 48 8b c6 48 0f af cf 48 ff c7 48 2b c1
0x000000005241a487:   89 28 48 63 c3 48 3b 05 8d 62 52 00 7e db 48 8b
0x000000005241a497:   6c 24 30 48 8b 5c 24 38 48 8b 74 24 40 48 83 c4 


Register to memory mapping:

RAX=0x000000000998a2c0 is pointing into the stack for thread: 0x000000000882f000
RBX=0x0000000000000006 is an unknown value
RCX=0x0000000000005000 is an unknown value
RDX=0x0000000009899168 is pointing into the stack for thread: 0x000000000882f000
RSP=0x000000000998f2c0 is pointing into the stack for thread: 0x000000000882f000
RBP=0x0000000000000000 is an unknown value
RSI=0x000000000998f2c0 is pointing into the stack for thread: 0x000000000882f000
RDI=0x0000000000000006 is an unknown value
R8 =0x0000000000000009 is an unknown value
R9 =0x000000000882f000 is a thread
R10=0x000000000998f500 is pointing into the stack for thread: 0x000000000882f000
R11=0x000000000998f690 is pointing into the stack for thread: 0x000000000882f000
R12=0x000000000998f690 is pointing into the stack for thread: 0x000000000882f000
R13=0x000000000998f408 is pointing into the stack for thread: 0x000000000882f000
R14=0x000000000998f510 is pointing into the stack for thread: 0x000000000882f000
R15=0x00000000029b0780 is at code_begin+0 in an Interpreter codelet
method entry point (kind = zerolocals)  [0x00000000029b0780, 0x00000000029b0a80]  768 bytes


Stack: [0x0000000009890000,0x0000000009990000],  sp=0x000000000998f2c0,  free space=1020k
Native frames: (J=compiled Java code, j=interpreted, Vv=VM code, C=native code)
V  [jvm.dll+0x1ca487]

[error occurred during error reporting (printing native stack), id 0xc0000005]

