#
# There is insufficient memory for the Java Runtime Environment to continue.
# Native memory allocation (malloc) failed to allocate 66000 bytes for Chunk::new
# Possible reasons:
#   The system is out of physical RAM or swap space
#   In 32 bit mode, the process size limit was hit
# Possible solutions:
#   Reduce memory load on the system
#   Increase physical memory or swap space
#   Check if swap backing store is full
#   Use 64 bit Java on a 64 bit OS
#   Decrease Java heap size (-Xmx/-Xms)
#   Decrease number of Java threads
#   Decrease Java thread stack sizes (-Xss)
#   Set larger code cache with -XX:ReservedCodeCacheSize=
# This output file may be truncated or incomplete.
#
#  Out of Memory Error (allocation.cpp:323), pid=10036, tid=9568
#
# JRE version: Java(TM) SE Runtime Environment (7.0_45-b18) (build 1.7.0_45-b18)
# Java VM: Java HotSpot(TM) 64-Bit Server VM (24.45-b08 mixed mode windows-amd64 compressed oops)
# Failed to write core dump. Minidumps are not enabled by default on client versions of Windows
#

---------------  T H R E A D  ---------------

Current thread (0x0000000008844800):  JavaThread "C2 CompilerThread1" daemon [_thread_in_native, id=9568, stack(0x000000000a080000,0x000000000a180000)]

Stack: [0x000000000a080000,0x000000000a180000]

Current CompileTask:
C2:   3336   38             sun.net.www.ParseUtil::encodePath (336 bytes)


---------------  P R O C E S S  ---------------

Java Threads: ( => current thread )
  0x000000000a5e8000 JavaThread "pool-1-thread-4" [_thread_blocked, id=9324, stack(0x000000000b190000,0x000000000b290000)]
  0x000000000a5cb800 JavaThread "pool-1-thread-3" [_thread_in_Java, id=9512, stack(0x000000000af50000,0x000000000b050000)]
  0x000000000a683000 JavaThread "pool-1-thread-2" [_thread_blocked, id=9556, stack(0x000000000add0000,0x000000000aed0000)]
  0x000000000a46b000 JavaThread "pool-2-thread-1" [_thread_blocked, id=9584, stack(0x000000000ac00000,0x000000000ad00000)]
  0x000000000a5c9800 JavaThread "pool-1-thread-1" [_thread_blocked, id=9424, stack(0x000000000a9c0000,0x000000000aac0000)]
  0x0000000008845000 JavaThread "Service Thread" daemon [_thread_blocked, id=9500, stack(0x0000000009e10000,0x0000000009f10000)]
=>0x0000000008844800 JavaThread "C2 CompilerThread1" daemon [_thread_in_native, id=9568, stack(0x000000000a080000,0x000000000a180000)]
  0x00000000087ed000 JavaThread "C2 CompilerThread0" daemon [_thread_blocked, id=9492, stack(0x0000000009f70000,0x000000000a070000)]
  0x00000000087ea800 JavaThread "Attach Listener" daemon [_thread_blocked, id=9456, stack(0x0000000009d10000,0x0000000009e10000)]
  0x0000000008840000 JavaThread "Signal Dispatcher" daemon [_thread_blocked, id=9400, stack(0x0000000009bf0000,0x0000000009cf0000)]
  0x00000000087ce800 JavaThread "Finalizer" daemon [_thread_blocked, id=10232, stack(0x0000000009a10000,0x0000000009b10000)]
  0x00000000087cb000 JavaThread "Reference Handler" daemon [_thread_blocked, id=10220, stack(0x0000000009790000,0x0000000009890000)]
  0x000000000036e000 JavaThread "main" [_thread_blocked, id=10104, stack(0x00000000027d0000,0x00000000028d0000)]

Other Threads:
  0x00000000087c7800 VMThread [stack: 0x00000000098a0000,0x00000000099a0000] [id=10188]
  0x0000000008846800 WatcherThread [stack: 0x000000000a280000,0x000000000a380000] [id=9540]

VM state:not at safepoint (normal execution)

VM Mutex/Monitor currently owned by a thread: None

Heap
 PSYoungGen      total 38400K, used 14028K [0x00000000eaa80000, 0x00000000ed500000, 0x0000000100000000)
  eden space 33280K, 42% used [0x00000000eaa80000,0x00000000eb833088,0x00000000ecb00000)
  from space 5120K, 0% used [0x00000000ed000000,0x00000000ed000000,0x00000000ed500000)
  to   space 5120K, 0% used [0x00000000ecb00000,0x00000000ecb00000,0x00000000ed000000)
 ParOldGen       total 86528K, used 0K [0x00000000c0000000, 0x00000000c5480000, 0x00000000eaa80000)
  object space 86528K, 0% used [0x00000000c0000000,0x00000000c0000000,0x00000000c5480000)
 PSPermGen       total 21504K, used 4720K [0x00000000bae00000, 0x00000000bc300000, 0x00000000c0000000)
  object space 21504K, 21% used [0x00000000bae00000,0x00000000bb29c088,0x00000000bc300000)

Card table byte_map: [0x00000000058d0000,0x0000000005b00000] byte_map_base: 0x00000000052f9000

Polling page: 0x0000000000330000

Code Cache  [0x00000000028d0000, 0x0000000002b40000, 0x00000000058d0000)
 total_blobs=271 nmethods=37 adapters=187 free_code_cache=48687Kb largest_free_block=49840704

Compilation events (10 events):
Event: 3.111 Thread 0x0000000008844800 nmethod 33 0x000000000293fad0 code [0x000000000293fc00, 0x000000000293fc58]
Event: 3.111 Thread 0x00000000087ed000   34             com.android.dx.util.ByteArray::access$000 (5 bytes)
Event: 3.111 Thread 0x0000000008844800   35             com.android.dx.util.ByteArray$MyInputStream::read (40 bytes)
Event: 3.111 Thread 0x00000000087ed000 nmethod 34 0x000000000293f8d0 code [0x000000000293fa00, 0x000000000293fa58]
Event: 3.111 Thread 0x00000000087ed000   36             com.android.dx.util.ByteArray::access$100 (6 bytes)
Event: 3.112 Thread 0x00000000087ed000 nmethod 36 0x000000000293f610 code [0x000000000293f740, 0x000000000293f7d8]
Event: 3.112 Thread 0x0000000008844800 nmethod 35 0x000000000293f310 code [0x000000000293f440, 0x000000000293f4f8]
Event: 3.115 Thread 0x00000000087ed000   37             com.android.dx.rop.type.Prototype::makeParameterArray (131 bytes)
Event: 3.121 Thread 0x00000000087ed000 nmethod 37 0x00000000029445d0 code [0x0000000002944720, 0x0000000002944b18]
Event: 3.329 Thread 0x0000000008844800   38             sun.net.www.ParseUtil::encodePath (336 bytes)

GC Heap History (0 events):
No events

Deoptimization events (0 events):
No events

Internal exceptions (10 events):
Event: 3.325 Thread 0x000000000a5cb800 Threw 0x00000000eb409588 at C:\re\jdk7u45\229\hotspot\src\share\vm\prims\jvm.cpp:1244
Event: 3.325 Thread 0x000000000a5cb800 Threw 0x00000000eb40c410 at C:\re\jdk7u45\229\hotspot\src\share\vm\prims\jvm.cpp:1244
Event: 3.326 Thread 0x000000000a5cb800 Threw 0x00000000eb40f050 at C:\re\jdk7u45\229\hotspot\src\share\vm\prims\jvm.cpp:1244
Event: 3.326 Thread 0x000000000a5cb800 Threw 0x00000000eb411f28 at C:\re\jdk7u45\229\hotspot\src\share\vm\prims\jvm.cpp:1244
Event: 3.327 Thread 0x000000000a5cb800 Threw 0x00000000eb41af68 at C:\re\jdk7u45\229\hotspot\src\share\vm\prims\jvm.cpp:1244
Event: 3.327 Thread 0x000000000a5cb800 Threw 0x00000000eb41ef08 at C:\re\jdk7u45\229\hotspot\src\share\vm\prims\jvm.cpp:1244
Event: 3.331 Thread 0x000000000a5cb800 Threw 0x00000000eb435cf0 at C:\re\jdk7u45\229\hotspot\src\share\vm\prims\jvm.cpp:1244
Event: 3.332 Thread 0x000000000a5cb800 Threw 0x00000000eb43b6e8 at C:\re\jdk7u45\229\hotspot\src\share\vm\prims\jvm.cpp:1244
Event: 3.334 Thread 0x000000000a5cb800 Threw 0x00000000eb78df50 at C:\re\jdk7u45\229\hotspot\src\share\vm\prims\jvm.cpp:1244
Event: 3.334 Thread 0x000000000a5cb800 Threw 0x00000000eb793b40 at C:\re\jdk7u45\229\hotspot\src\share\vm\prims\jvm.cpp:1244

Events (10 events):
Event: 3.327 loading class 0x000000000a50d520
Event: 3.327 loading class 0x000000000a50d520 done
Event: 3.331 loading class 0x000000000a686240
Event: 3.331 loading class 0x000000000a686240 done
Event: 3.332 loading class 0x000000000a518e20
Event: 3.332 loading class 0x000000000a518e20 done
Event: 3.333 loading class 0x000000000a505630
Event: 3.334 loading class 0x000000000a505630 done
Event: 3.334 loading class 0x000000000a505e30
Event: 3.334 loading class 0x000000000a505e30 done


Dynamic libraries:
0x000000013f5b0000 - 0x000000013f5e3000 	C:\Program Files\Java\jdk1.7.0_45\bin\java.exe
0x0000000077050000 - 0x00000000771f8000 	C:\windows\SYSTEM32\ntdll.dll
0x0000000076df0000 - 0x0000000076f0f000 	C:\windows\system32\kernel32.dll
0x000007fefcfa0000 - 0x000007fefd00c000 	C:\windows\system32\KERNELBASE.dll
0x000007fefeab0000 - 0x000007fefeb8b000 	C:\windows\system32\ADVAPI32.dll
0x000007fefed10000 - 0x000007fefedaf000 	C:\windows\system32\msvcrt.dll
0x000007fefedb0000 - 0x000007fefedcf000 	C:\windows\SYSTEM32\sechost.dll
0x000007fefd670000 - 0x000007fefd79d000 	C:\windows\system32\RPCRT4.dll
0x0000000076cf0000 - 0x0000000076dea000 	C:\windows\system32\USER32.dll
0x000007fefdc30000 - 0x000007fefdc97000 	C:\windows\system32\GDI32.dll
0x000007fefd400000 - 0x000007fefd40e000 	C:\windows\system32\LPK.dll
0x000007fefd300000 - 0x000007fefd3c9000 	C:\windows\system32\USP10.dll
0x000007fefaf70000 - 0x000007fefb164000 	C:\windows\WinSxS\amd64_microsoft.windows.common-controls_6595b64144ccf1df_6.0.7601.18837_none_fa3b1e3d17594757\COMCTL32.dll
0x000007feff2d0000 - 0x000007feff341000 	C:\windows\system32\SHLWAPI.dll
0x000007fefd3d0000 - 0x000007fefd3fe000 	C:\windows\system32\IMM32.DLL
0x000007fefee60000 - 0x000007fefef69000 	C:\windows\system32\MSCTF.dll
0x000000005d740000 - 0x000000005d812000 	C:\Program Files\Java\jdk1.7.0_45\jre\bin\msvcr100.dll
0x000000006df30000 - 0x000000006e6f9000 	C:\Program Files\Java\jdk1.7.0_45\jre\bin\server\jvm.dll
0x000007fef2ab0000 - 0x000007fef2ab9000 	C:\windows\system32\WSOCK32.dll
0x000007feff280000 - 0x000007feff2cd000 	C:\windows\system32\WS2_32.dll
0x000007feff350000 - 0x000007feff358000 	C:\windows\system32\NSI.dll
0x000007fefcc10000 - 0x000007fefcc4b000 	C:\windows\system32\WINMM.dll
0x0000000077210000 - 0x0000000077217000 	C:\windows\system32\PSAPI.DLL
0x0000000058f30000 - 0x0000000058f3f000 	C:\Program Files\Java\jdk1.7.0_45\jre\bin\verify.dll
0x0000000055b80000 - 0x0000000055ba8000 	C:\Program Files\Java\jdk1.7.0_45\jre\bin\java.dll
0x0000000055b60000 - 0x0000000055b75000 	C:\Program Files\Java\jdk1.7.0_45\jre\bin\zip.dll
0x0000000055b40000 - 0x0000000055b59000 	C:\Program Files\Java\jdk1.7.0_45\jre\bin\net.dll
0x000007fefc370000 - 0x000007fefc3c5000 	C:\windows\system32\mswsock.dll
0x000007fefc360000 - 0x000007fefc367000 	C:\windows\System32\wship6.dll
0x0000000055b20000 - 0x0000000055b31000 	C:\Program Files\Java\jdk1.7.0_45\jre\bin\nio.dll

VM Arguments:
jvm_args: -Djava.awt.headless=true -Xmx1024M -Dfile.encoding=GBK -Duser.country=CN -Duser.language=zh -Duser.variant 
java_command: com.android.dx.command.Main --dex --force-jumbo --num-threads=4 --output C:\Users\Android\Desktop\snv\AngelDoctor\app\build\intermediates\pre-dexed\debug\glide-3.7.0_398f2649fd1251cc488b5b3aae00753fafc77309.jar C:\Users\Android\.gradle\caches\modules-2\files-2.1\com.github.bumptech.glide\glide\3.7.0\9e9eeaf9948ee4d6c3ab354e8dc14368f16994a4\glide-3.7.0.jar
Launcher Type: SUN_STANDARD

Environment Variables:
JAVA_HOME=C:\Program Files\Java\jdk1.7.0_45
CLASSPATH=.;C:\Program Files\Java\jdk1.7.0_45\lib\dt.jar;C:\Program Files\Java\jdk1.7.0_45\lib\tools.jar;
PATH=C:\Program Files (x86)\Intel\iCLS Client\;C:\Program Files\Intel\iCLS Client\;C:\windows\system32;C:\windows;C:\windows\System32\Wbem;C:\windows\System32\WindowsPowerShell\v1.0\;C:\Program Files\Intel\Intel(R) Management Engine Components\DAL;C:\Program Files\Intel\Intel(R) Management Engine Components\IPT;C:\Program Files (x86)\Intel\Intel(R) Management Engine Components\DAL;C:\Program Files (x86)\Intel\Intel(R) Management Engine Components\IPT;C:\Program Files\Java\jdk1.7.0_45\bin;D:\sdk\tools;D:\sdk\platform-tools;D:\apache-ant-1.9.4\bin;C:\Program Files\Java\jdk1.7.0_45\bin; ;C:\Program Files (x86)\Common Files\ThinPrint\;E:\android-ndk-r10c;E:\Program Files (x86)\Subversion\bin;C:\Program Files\TortoiseSVN\bin
USERNAME=Android
OS=Windows_NT
PROCESSOR_IDENTIFIER=Intel64 Family 6 Model 45 Stepping 7, GenuineIntel



---------------  S Y S T E M  ---------------

OS: Windows 7 , 64 bit Build 7601 Service Pack 1

CPU:total 4 (4 cores per cpu, 1 threads per core) family 6 model 45 stepping 7, cmov, cx8, fxsr, mmx, sse, sse2, sse3, ssse3, sse4.1, sse4.2, popcnt, avx, aes, tsc, tscinvbit, tscinv

Memory: 4k page, physical 8313796k(1255064k free), swap 8311944k(5164k free)

vm_info: Java HotSpot(TM) 64-Bit Server VM (24.45-b08) for windows-amd64 JRE (1.7.0_45-b18), built on Oct  8 2013 05:47:22 by "java_re" with unknown MS VC++:1600

time: Thu Jun 30 15:17:06 2016
elapsed time: 3 seconds

