#
# There is insufficient memory for the Java Runtime Environment to continue.
# Native memory allocation (malloc) failed to allocate 1674736 bytes for Chunk::new
# Possible reasons:
#   The system is out of physical RAM or swap space
#   In 32 bit mode, the process size limit was hit
# Possible solutions:
#   Reduce memory load on the system
#   Increase physical memory or swap space
#   Check if swap backing store is full
#   Use 64 bit Java on a 64 bit OS
#   Decrease Java heap size (-Xmx/-Xms)
#   Decrease number of Java threads
#   Decrease Java thread stack sizes (-Xss)
#   Set larger code cache with -XX:ReservedCodeCacheSize=
# This output file may be truncated or incomplete.
#
#  Out of Memory Error (allocation.cpp:323), pid=9900, tid=9860
#
# JRE version: Java(TM) SE Runtime Environment (7.0_45-b18) (build 1.7.0_45-b18)
# Java VM: Java HotSpot(TM) 64-Bit Server VM (24.45-b08 mixed mode windows-amd64 compressed oops)
# Failed to write core dump. Minidumps are not enabled by default on client versions of Windows
#

---------------  T H R E A D  ---------------

Current thread (0x0000000008714000):  JavaThread "C2 CompilerThread1" daemon [_thread_in_native, id=9860, stack(0x000000000a080000,0x000000000a180000)]

Stack: [0x000000000a080000,0x000000000a180000]

Current CompileTask:
C2:  10932  825   !         com.android.dx.cf.code.Ropper::processBlock (1101 bytes)


---------------  P R O C E S S  ---------------

Java Threads: ( => current thread )
  0x000000000a48d800 JavaThread "pool-1-thread-4" [_thread_blocked, id=9380, stack(0x000000000a8e0000,0x000000000a9e0000)]
  0x000000000a48c800 JavaThread "pool-1-thread-3" [_thread_in_Java, id=9920, stack(0x000000000ac10000,0x000000000ad10000)]
  0x000000000a464000 JavaThread "pool-1-thread-2" [_thread_blocked, id=9948, stack(0x0000000009a40000,0x0000000009b40000)]
  0x000000000a463800 JavaThread "pool-2-thread-1" [_thread_blocked, id=9836, stack(0x000000000aa00000,0x000000000ab00000)]
  0x000000000a403800 JavaThread "pool-1-thread-1" [_thread_blocked, id=9872, stack(0x000000000a6d0000,0x000000000a7d0000)]
  0x0000000008715000 JavaThread "Service Thread" daemon [_thread_blocked, id=9876, stack(0x0000000009e10000,0x0000000009f10000)]
=>0x0000000008714000 JavaThread "C2 CompilerThread1" daemon [_thread_in_native, id=9860, stack(0x000000000a080000,0x000000000a180000)]
  0x0000000008712000 JavaThread "C2 CompilerThread0" daemon [_thread_blocked, id=10148, stack(0x0000000009f40000,0x000000000a040000)]
  0x00000000086ba000 JavaThread "Attach Listener" daemon [_thread_blocked, id=10144, stack(0x0000000009d10000,0x0000000009e10000)]
  0x000000000870f000 JavaThread "Signal Dispatcher" daemon [_thread_blocked, id=10140, stack(0x0000000009810000,0x0000000009910000)]
  0x00000000086a6000 JavaThread "Finalizer" daemon [_thread_blocked, id=10136, stack(0x0000000009b60000,0x0000000009c60000)]
  0x000000000869b000 JavaThread "Reference Handler" daemon [_thread_blocked, id=10132, stack(0x0000000009920000,0x0000000009a20000)]
  0x000000000235e000 JavaThread "main" [_thread_blocked, id=9984, stack(0x0000000002580000,0x0000000002680000)]

Other Threads:
  0x0000000008697800 VMThread [stack: 0x0000000009710000,0x0000000009810000] [id=10064]
  0x0000000008716000 WatcherThread [stack: 0x000000000a1c0000,0x000000000a2c0000] [id=9868]

VM state:not at safepoint (normal execution)

VM Mutex/Monitor currently owned by a thread: None

Heap
 PSYoungGen      total 287232K, used 204727K [0x00000000eaa80000, 0x00000000feb80000, 0x0000000100000000)
  eden space 261120K, 68% used [0x00000000eaa80000,0x00000000f5931878,0x00000000fa980000)
  from space 26112K, 98% used [0x00000000fc800000,0x00000000fe13c658,0x00000000fe180000)
  to   space 31232K, 0% used [0x00000000fa980000,0x00000000fa980000,0x00000000fc800000)
 ParOldGen       total 86528K, used 39649K [0x00000000c0000000, 0x00000000c5480000, 0x00000000eaa80000)
  object space 86528K, 45% used [0x00000000c0000000,0x00000000c26b8660,0x00000000c5480000)
 PSPermGen       total 21504K, used 6101K [0x00000000bae00000, 0x00000000bc300000, 0x00000000c0000000)
  object space 21504K, 28% used [0x00000000bae00000,0x00000000bb3f5420,0x00000000bc300000)

Card table byte_map: [0x0000000005740000,0x0000000005970000] byte_map_base: 0x0000000005169000

Polling page: 0x0000000000330000

Code Cache  [0x0000000002680000, 0x00000000029a0000, 0x0000000005680000)
 total_blobs=1038 nmethods=799 adapters=191 free_code_cache=46089Kb largest_free_block=47063936

Compilation events (10 events):
Event: 10.657 Thread 0x0000000008714000  821             com.android.dx.rop.annotation.Annotations::size (8 bytes)
Event: 10.658 Thread 0x0000000008714000 nmethod 821 0x000000000278b190 code [0x000000000278b2c0, 0x000000000278b318]
Event: 10.658 Thread 0x0000000008714000  822             java.util.TreeMap::size (5 bytes)
Event: 10.658 Thread 0x0000000008714000 nmethod 822 0x00000000026ee490 code [0x00000000026ee5c0, 0x00000000026ee618]
Event: 10.668 Thread 0x0000000008714000  823             java.util.TreeMap::values (27 bytes)
Event: 10.669 Thread 0x0000000008714000 nmethod 823 0x00000000026ee1d0 code [0x00000000026ee320, 0x00000000026ee3f8]
Event: 10.704 Thread 0x0000000008714000  824 % !         com.android.dx.cf.code.Ropper::processBlock @ 1035 (1101 bytes)
Event: 10.714 Thread 0x0000000008714000 nmethod 824% 0x000000000296ba90 code [0x000000000296bc40, 0x000000000296c4f8]
Event: 10.715 Thread 0x0000000008714000  825   !         com.android.dx.cf.code.Ropper::processBlock (1101 bytes)
Event: 10.850 Thread 0x0000000008712000 nmethod 820 0x00000000027e3090 code [0x00000000027e3960, 0x00000000027e8660]

GC Heap History (10 events):
Event: 3.901 GC heap before
{Heap before GC invocations=2 (full 0):
 PSYoungGen      total 38400K, used 38395K [0x00000000eaa80000, 0x00000000ef580000, 0x0000000100000000)
  eden space 33280K, 100% used [0x00000000eaa80000,0x00000000ecb00000,0x00000000ecb00000)
  from space 5120K, 99% used [0x00000000ecb00000,0x00000000ecffeca8,0x00000000ed000000)
  to   space 5120K, 0% used [0x00000000ef080000,0x00000000ef080000,0x00000000ef580000)
 ParOldGen       total 86528K, used 237K [0x00000000c0000000, 0x00000000c5480000, 0x00000000eaa80000)
  object space 86528K, 0% used [0x00000000c0000000,0x00000000c003b698,0x00000000c5480000)
 PSPermGen       total 21504K, used 5858K [0x00000000bae00000, 0x00000000bc300000, 0x00000000c0000000)
  object space 21504K, 27% used [0x00000000bae00000,0x00000000bb3b8aa8,0x00000000bc300000)
Event: 3.956 GC heap after
Heap after GC invocations=2 (full 0):
 PSYoungGen      total 71680K, used 5114K [0x00000000eaa80000, 0x00000000ef580000, 0x0000000100000000)
  eden space 66560K, 0% used [0x00000000eaa80000,0x00000000eaa80000,0x00000000eeb80000)
  from space 5120K, 99% used [0x00000000ef080000,0x00000000ef57eaa8,0x00000000ef580000)
  to   space 5120K, 0% used [0x00000000eeb80000,0x00000000eeb80000,0x00000000ef080000)
 ParOldGen       total 86528K, used 3649K [0x00000000c0000000, 0x00000000c5480000, 0x00000000eaa80000)
  object space 86528K, 4% used [0x00000000c0000000,0x00000000c03904c8,0x00000000c5480000)
 PSPermGen       total 21504K, used 5858K [0x00000000bae00000, 0x00000000bc300000, 0x00000000c0000000)
  object space 21504K, 27% used [0x00000000bae00000,0x00000000bb3b8aa8,0x00000000bc300000)
}
Event: 4.581 GC heap before
{Heap before GC invocations=3 (full 0):
 PSYoungGen      total 71680K, used 71674K [0x00000000eaa80000, 0x00000000ef580000, 0x0000000100000000)
  eden space 66560K, 100% used [0x00000000eaa80000,0x00000000eeb80000,0x00000000eeb80000)
  from space 5120K, 99% used [0x00000000ef080000,0x00000000ef57eaa8,0x00000000ef580000)
  to   space 5120K, 0% used [0x00000000eeb80000,0x00000000eeb80000,0x00000000ef080000)
 ParOldGen       total 86528K, used 3649K [0x00000000c0000000, 0x00000000c5480000, 0x00000000eaa80000)
  object space 86528K, 4% used [0x00000000c0000000,0x00000000c03904c8,0x00000000c5480000)
 PSPermGen       total 21504K, used 5921K [0x00000000bae00000, 0x00000000bc300000, 0x00000000c0000000)
  object space 21504K, 27% used [0x00000000bae00000,0x00000000bb3c8428,0x00000000bc300000)
Event: 4.596 GC heap after
Heap after GC invocations=3 (full 0):
 PSYoungGen      total 71680K, used 5096K [0x00000000eaa80000, 0x00000000f3680000, 0x0000000100000000)
  eden space 66560K, 0% used [0x00000000eaa80000,0x00000000eaa80000,0x00000000eeb80000)
  from space 5120K, 99% used [0x00000000eeb80000,0x00000000ef07a2b0,0x00000000ef080000)
  to   space 5120K, 0% used [0x00000000f3180000,0x00000000f3180000,0x00000000f3680000)
 ParOldGen       total 86528K, used 10870K [0x00000000c0000000, 0x00000000c5480000, 0x00000000eaa80000)
  object space 86528K, 12% used [0x00000000c0000000,0x00000000c0a9da38,0x00000000c5480000)
 PSPermGen       total 21504K, used 5921K [0x00000000bae00000, 0x00000000bc300000, 0x00000000c0000000)
  object space 21504K, 27% used [0x00000000bae00000,0x00000000bb3c8428,0x00000000bc300000)
}
Event: 5.071 GC heap before
{Heap before GC invocations=4 (full 0):
 PSYoungGen      total 71680K, used 71656K [0x00000000eaa80000, 0x00000000f3680000, 0x0000000100000000)
  eden space 66560K, 100% used [0x00000000eaa80000,0x00000000eeb80000,0x00000000eeb80000)
  from space 5120K, 99% used [0x00000000eeb80000,0x00000000ef07a2b0,0x00000000ef080000)
  to   space 5120K, 0% used [0x00000000f3180000,0x00000000f3180000,0x00000000f3680000)
 ParOldGen       total 86528K, used 10870K [0x00000000c0000000, 0x00000000c5480000, 0x00000000eaa80000)
  object space 86528K, 12% used [0x00000000c0000000,0x00000000c0a9da38,0x00000000c5480000)
 PSPermGen       total 21504K, used 5956K [0x00000000bae00000, 0x00000000bc300000, 0x00000000c0000000)
  object space 21504K, 27% used [0x00000000bae00000,0x00000000bb3d1200,0x00000000bc300000)
Event: 5.090 GC heap after
Heap after GC invocations=4 (full 0):
 PSYoungGen      total 138240K, used 5100K [0x00000000eaa80000, 0x00000000f3680000, 0x0000000100000000)
  eden space 133120K, 0% used [0x00000000eaa80000,0x00000000eaa80000,0x00000000f2c80000)
  from space 5120K, 99% used [0x00000000f3180000,0x00000000f367b260,0x00000000f3680000)
  to   space 5120K, 0% used [0x00000000f2c80000,0x00000000f2c80000,0x00000000f3180000)
 ParOldGen       total 86528K, used 19130K [0x00000000c0000000, 0x00000000c5480000, 0x00000000eaa80000)
  object space 86528K, 22% used [0x00000000c0000000,0x00000000c12aea38,0x00000000c5480000)
 PSPermGen       total 21504K, used 5956K [0x00000000bae00000, 0x00000000bc300000, 0x00000000c0000000)
  object space 21504K, 27% used [0x00000000bae00000,0x00000000bb3d1200,0x00000000bc300000)
}
Event: 5.836 GC heap before
{Heap before GC invocations=5 (full 0):
 PSYoungGen      total 138240K, used 138220K [0x00000000eaa80000, 0x00000000f3680000, 0x0000000100000000)
  eden space 133120K, 100% used [0x00000000eaa80000,0x00000000f2c80000,0x00000000f2c80000)
  from space 5120K, 99% used [0x00000000f3180000,0x00000000f367b260,0x00000000f3680000)
  to   space 5120K, 0% used [0x00000000f2c80000,0x00000000f2c80000,0x00000000f3180000)
 ParOldGen       total 86528K, used 19130K [0x00000000c0000000, 0x00000000c5480000, 0x00000000eaa80000)
  object space 86528K, 22% used [0x00000000c0000000,0x00000000c12aea38,0x00000000c5480000)
 PSPermGen       total 21504K, used 6012K [0x00000000bae00000, 0x00000000bc300000, 0x00000000c0000000)
  object space 21504K, 27% used [0x00000000bae00000,0x00000000bb3df390,0x00000000bc300000)
Event: 5.872 GC heap after
Heap after GC invocations=5 (full 0):
 PSYoungGen      total 138240K, used 5111K [0x00000000eaa80000, 0x00000000fe180000, 0x0000000100000000)
  eden space 133120K, 0% used [0x00000000eaa80000,0x00000000eaa80000,0x00000000f2c80000)
  from space 5120K, 99% used [0x00000000f2c80000,0x00000000f317dd38,0x00000000f3180000)
  to   space 26112K, 0% used [0x00000000fc800000,0x00000000fc800000,0x00000000fe180000)
 ParOldGen       total 86528K, used 39649K [0x00000000c0000000, 0x00000000c5480000, 0x00000000eaa80000)
  object space 86528K, 45% used [0x00000000c0000000,0x00000000c26b8660,0x00000000c5480000)
 PSPermGen       total 21504K, used 6012K [0x00000000bae00000, 0x00000000bc300000, 0x00000000c0000000)
  object space 21504K, 27% used [0x00000000bae00000,0x00000000bb3df390,0x00000000bc300000)
}
Event: 6.419 GC heap before
{Heap before GC invocations=6 (full 0):
 PSYoungGen      total 138240K, used 138231K [0x00000000eaa80000, 0x00000000fe180000, 0x0000000100000000)
  eden space 133120K, 100% used [0x00000000eaa80000,0x00000000f2c80000,0x00000000f2c80000)
  from space 5120K, 99% used [0x00000000f2c80000,0x00000000f317dd38,0x00000000f3180000)
  to   space 26112K, 0% used [0x00000000fc800000,0x00000000fc800000,0x00000000fe180000)
 ParOldGen       total 86528K, used 39649K [0x00000000c0000000, 0x00000000c5480000, 0x00000000eaa80000)
  object space 86528K, 45% used [0x00000000c0000000,0x00000000c26b8660,0x00000000c5480000)
 PSPermGen       total 21504K, used 6053K [0x00000000bae00000, 0x00000000bc300000, 0x00000000c0000000)
  object space 21504K, 28% used [0x00000000bae00000,0x00000000bb3e9780,0x00000000bc300000)
Event: 6.500 GC heap after
Heap after GC invocations=6 (full 0):
 PSYoungGen      total 287232K, used 25841K [0x00000000eaa80000, 0x00000000feb80000, 0x0000000100000000)
  eden space 261120K, 0% used [0x00000000eaa80000,0x00000000eaa80000,0x00000000fa980000)
  from space 26112K, 98% used [0x00000000fc800000,0x00000000fe13c658,0x00000000fe180000)
  to   space 31232K, 0% used [0x00000000fa980000,0x00000000fa980000,0x00000000fc800000)
 ParOldGen       total 86528K, used 39649K [0x00000000c0000000, 0x00000000c5480000, 0x00000000eaa80000)
  object space 86528K, 45% used [0x00000000c0000000,0x00000000c26b8660,0x00000000c5480000)
 PSPermGen       total 21504K, used 6053K [0x00000000bae00000, 0x00000000bc300000, 0x00000000c0000000)
  object space 21504K, 28% used [0x00000000bae00000,0x00000000bb3e9780,0x00000000bc300000)
}

Deoptimization events (10 events):
Event: 10.653 Thread 0x000000000a403800 Uncommon trap: reason=class_check action=maybe_recompile pc=0x00000000028bf410 method=com.android.dx.cf.code.Frame.copy()Lcom/android/dx/cf/code/Frame; @ 8
Event: 10.653 Thread 0x000000000a403800 Uncommon trap: reason=class_check action=maybe_recompile pc=0x00000000027f1a60 method=com.android.dx.cf.code.BaseMachine.storeResults(Lcom/android/dx/cf/code/Frame;)V @ 41
Event: 10.653 Thread 0x000000000a403800 Uncommon trap: reason=class_check action=maybe_recompile pc=0x0000000002911f88 method=com.android.dx.cf.code.BaseMachine.localArg(Lcom/android/dx/cf/code/Frame;I)V @ 14
Event: 10.653 Thread 0x000000000a403800 Uncommon trap: reason=class_check action=maybe_recompile pc=0x0000000002911f88 method=com.android.dx.cf.code.BaseMachine.localArg(Lcom/android/dx/cf/code/Frame;I)V @ 14
Event: 10.653 Thread 0x000000000a403800 Uncommon trap: reason=class_check action=maybe_recompile pc=0x00000000028a52b8 method=com.android.dx.cf.code.Frame.setImmutable()V @ 4
Event: 10.653 Thread 0x000000000a403800 Uncommon trap: reason=class_check action=maybe_recompile pc=0x0000000002911f88 method=com.android.dx.cf.code.BaseMachine.localArg(Lcom/android/dx/cf/code/Frame;I)V @ 14
Event: 10.653 Thread 0x000000000a403800 Uncommon trap: reason=class_check action=maybe_recompile pc=0x0000000002913d70 method=com.android.dx.cf.code.BaseMachine.localArg(Lcom/android/dx/cf/code/Frame;I)V @ 14
Event: 10.654 Thread 0x000000000a403800 Uncommon trap: reason=null_assert action=make_not_entrant pc=0x0000000002973d6c method=com.android.dx.cf.code.RopperMachine.run(Lcom/android/dx/cf/code/Frame;II)V @ 765
Event: 10.676 Thread 0x000000000a403800 Uncommon trap: reason=null_assert action=make_not_entrant pc=0x00000000028ca480 method=com.android.dx.cf.code.RopperMachine.hasRet()Z @ 4
Event: 10.676 Thread 0x000000000a403800 Uncommon trap: reason=unreached action=reinterpret pc=0x00000000029528ec method=com.android.dx.util.IntList.equals(Ljava/lang/Object;)Z @ 2

Internal exceptions (10 events):
Event: 4.352 Thread 0x000000000235e000 Implicit null exception at 0x00000000027d3477 to 0x00000000027d3b59
Event: 4.805 Thread 0x000000000a48d800 Implicit null exception at 0x00000000028222a1 to 0x00000000028223a1
Event: 5.112 Thread 0x000000000a48d800 Threw 0x00000000eaff17f8 at C:\re\jdk7u45\229\hotspot\src\share\vm\prims\jvm.cpp:1244
Event: 5.471 Thread 0x000000000235e000 Threw 0x00000000ee4a0c48 at C:\re\jdk7u45\229\hotspot\src\share\vm\prims\jvm.cpp:1244
Event: 5.472 Thread 0x000000000235e000 Threw 0x00000000ee4af380 at C:\re\jdk7u45\229\hotspot\src\share\vm\prims\jvm.cpp:1244
Event: 5.922 Thread 0x000000000a48d800 Implicit null exception at 0x00000000028f6ca3 to 0x00000000028f9481
Event: 10.652 Thread 0x000000000a403800 Threw 0x00000000f3fc00c8 at C:\re\jdk7u45\229\hotspot\src\share\vm\prims\jvm.cpp:1244
Event: 10.677 Thread 0x000000000a403800 Threw 0x00000000f3fcab70 at C:\re\jdk7u45\229\hotspot\src\share\vm\prims\jvm.cpp:1244
Event: 10.677 Thread 0x000000000a403800 Threw 0x00000000f3fcd590 at C:\re\jdk7u45\229\hotspot\src\share\vm\prims\jvm.cpp:1244
Event: 10.678 Thread 0x000000000a403800 Threw 0x00000000f3fd4f78 at C:\re\jdk7u45\229\hotspot\src\share\vm\prims\jvm.cpp:1244

Events (10 events):
Event: 10.676 Thread 0x000000000a403800 DEOPT UNPACKING pc=0x00000000026b75a4 sp=0x000000000a7ce938 mode 2
Event: 10.676 Thread 0x000000000a403800 Uncommon trap: trap_request=0xffffffad fr.pc=0x00000000029528ec
Event: 10.676 Thread 0x000000000a403800 DEOPT PACKING pc=0x00000000029528ec sp=0x000000000a7ce870
Event: 10.676 Thread 0x000000000a403800 DEOPT UNPACKING pc=0x00000000026b75a4 sp=0x000000000a7ce790 mode 2
Event: 10.677 loading class 0x000000000a45c500
Event: 10.677 loading class 0x000000000a45c500 done
Event: 10.677 loading class 0x000000000a4572f0
Event: 10.677 loading class 0x000000000a4572f0 done
Event: 10.678 loading class 0x000000000a45c580
Event: 10.678 loading class 0x000000000a45c580 done


Dynamic libraries:
0x000000013fa80000 - 0x000000013fab3000 	C:\Program Files\Java\jdk1.7.0_45\bin\java.exe
0x0000000076ed0000 - 0x0000000077078000 	C:\windows\SYSTEM32\ntdll.dll
0x0000000076db0000 - 0x0000000076ecf000 	C:\windows\system32\kernel32.dll
0x000007fefccc0000 - 0x000007fefcd2c000 	C:\windows\system32\KERNELBASE.dll
0x000007fefdbc0000 - 0x000007fefdc9b000 	C:\windows\system32\ADVAPI32.dll
0x000007fefd070000 - 0x000007fefd10f000 	C:\windows\system32\msvcrt.dll
0x000007fefedb0000 - 0x000007fefedcf000 	C:\windows\SYSTEM32\sechost.dll
0x000007fefceb0000 - 0x000007fefcfdd000 	C:\windows\system32\RPCRT4.dll
0x0000000076cb0000 - 0x0000000076daa000 	C:\windows\system32\USER32.dll
0x000007fefdca0000 - 0x000007fefdd07000 	C:\windows\system32\GDI32.dll
0x000007fefdbb0000 - 0x000007fefdbbe000 	C:\windows\system32\LPK.dll
0x000007fefdac0000 - 0x000007fefdb89000 	C:\windows\system32\USP10.dll
0x000007fefae30000 - 0x000007fefb024000 	C:\windows\WinSxS\amd64_microsoft.windows.common-controls_6595b64144ccf1df_6.0.7601.18837_none_fa3b1e3d17594757\COMCTL32.dll
0x000007fefd470000 - 0x000007fefd4e1000 	C:\windows\system32\SHLWAPI.dll
0x000007fefd500000 - 0x000007fefd52e000 	C:\windows\system32\IMM32.DLL
0x000007fefdd10000 - 0x000007fefde19000 	C:\windows\system32\MSCTF.dll
0x00000000569f0000 - 0x0000000056ac2000 	C:\Program Files\Java\jdk1.7.0_45\jre\bin\msvcr100.dll
0x00000000525c0000 - 0x0000000052d89000 	C:\Program Files\Java\jdk1.7.0_45\jre\bin\server\jvm.dll
0x000007fef3340000 - 0x000007fef3349000 	C:\windows\system32\WSOCK32.dll
0x000007fefd740000 - 0x000007fefd78d000 	C:\windows\system32\WS2_32.dll
0x000007fefd4f0000 - 0x000007fefd4f8000 	C:\windows\system32\NSI.dll
0x000007fefcd60000 - 0x000007fefcd9b000 	C:\windows\system32\WINMM.dll
0x00000000770a0000 - 0x00000000770a7000 	C:\windows\system32\PSAPI.DLL
0x0000000056530000 - 0x000000005653f000 	C:\Program Files\Java\jdk1.7.0_45\jre\bin\verify.dll
0x00000000564a0000 - 0x00000000564c8000 	C:\Program Files\Java\jdk1.7.0_45\jre\bin\java.dll
0x00000000564e0000 - 0x00000000564f5000 	C:\Program Files\Java\jdk1.7.0_45\jre\bin\zip.dll
0x0000000056480000 - 0x0000000056499000 	C:\Program Files\Java\jdk1.7.0_45\jre\bin\net.dll
0x000007fefc1f0000 - 0x000007fefc245000 	C:\windows\system32\mswsock.dll
0x000007fefc1e0000 - 0x000007fefc1e7000 	C:\windows\System32\wship6.dll
0x0000000056460000 - 0x0000000056471000 	C:\Program Files\Java\jdk1.7.0_45\jre\bin\nio.dll

VM Arguments:
jvm_args: -Djava.awt.headless=true -Xmx1024M -Dfile.encoding=GBK -Duser.country=CN -Duser.language=zh -Duser.variant 
java_command: com.android.dx.command.Main --dex --num-threads=4 --output C:\Users\Android\Desktop\snv\AngelDoctor\app\build\intermediates\pre-dexed\release\CCP_REST_SDK_JAVA_v2.7r_2f361d1b9ba63d39cc6c21e17310d8e3a3a4100b.jar C:\Users\Android\Desktop\snv\AngelDoctor\app\src\main\libs\CCP_REST_SDK_JAVA_v2.7r.jar
Launcher Type: SUN_STANDARD

Environment Variables:
JAVA_HOME=C:\Program Files\Java\jdk1.7.0_45
CLASSPATH=.;C:\Program Files\Java\jdk1.7.0_45\lib\dt.jar;C:\Program Files\Java\jdk1.7.0_45\lib\tools.jar;
PATH=C:\Program Files (x86)\Intel\iCLS Client\;C:\Program Files\Intel\iCLS Client\;C:\windows\system32;C:\windows;C:\windows\System32\Wbem;C:\windows\System32\WindowsPowerShell\v1.0\;C:\Program Files\Intel\Intel(R) Management Engine Components\DAL;C:\Program Files\Intel\Intel(R) Management Engine Components\IPT;C:\Program Files (x86)\Intel\Intel(R) Management Engine Components\DAL;C:\Program Files (x86)\Intel\Intel(R) Management Engine Components\IPT;C:\Program Files\Java\jdk1.7.0_45\bin;D:\sdk\tools;D:\sdk\platform-tools;D:\apache-ant-1.9.4\bin;C:\Program Files\Java\jdk1.7.0_45\bin; ;C:\Program Files (x86)\Common Files\ThinPrint\;E:\android-ndk-r10c;E:\Program Files (x86)\Subversion\bin;C:\Program Files\TortoiseSVN\bin
USERNAME=Android
OS=Windows_NT
PROCESSOR_IDENTIFIER=Intel64 Family 6 Model 45 Stepping 7, GenuineIntel



---------------  S Y S T E M  ---------------

OS: Windows 7 , 64 bit Build 7601 Service Pack 1

CPU:total 4 (4 cores per cpu, 1 threads per core) family 6 model 45 stepping 7, cmov, cx8, fxsr, mmx, sse, sse2, sse3, ssse3, sse4.1, sse4.2, popcnt, avx, aes, tsc, tscinvbit, tscinv

Memory: 4k page, physical 8313796k(1172816k free), swap 8311944k(5168k free)

vm_info: Java HotSpot(TM) 64-Bit Server VM (24.45-b08) for windows-amd64 JRE (1.7.0_45-b18), built on Oct  8 2013 05:47:22 by "java_re" with unknown MS VC++:1600

time: Wed Jun 29 14:35:58 2016
elapsed time: 10 seconds

