#
# There is insufficient memory for the Java Runtime Environment to continue.
# Native memory allocation (malloc) failed to allocate 177776 bytes for Chunk::new
# Possible reasons:
#   The system is out of physical RAM or swap space
#   In 32 bit mode, the process size limit was hit
# Possible solutions:
#   Reduce memory load on the system
#   Increase physical memory or swap space
#   Check if swap backing store is full
#   Use 64 bit Java on a 64 bit OS
#   Decrease Java heap size (-Xmx/-Xms)
#   Decrease number of Java threads
#   Decrease Java thread stack sizes (-Xss)
#   Set larger code cache with -XX:ReservedCodeCacheSize=
# This output file may be truncated or incomplete.
#
#  Out of Memory Error (allocation.cpp:323), pid=9088, tid=9792
#
# JRE version: Java(TM) SE Runtime Environment (7.0_45-b18) (build 1.7.0_45-b18)
# Java VM: Java HotSpot(TM) 64-Bit Server VM (24.45-b08 mixed mode windows-amd64 compressed oops)
# Failed to write core dump. Minidumps are not enabled by default on client versions of Windows
#

---------------  T H R E A D  ---------------

Current thread (0x000000000a2e0800):  JavaThread "C2 CompilerThread1" daemon [_thread_in_native, id=9792, stack(0x000000000a730000,0x000000000a830000)]

Stack: [0x000000000a730000,0x000000000a830000]

Current CompileTask:
C2:   2812  130   !         com.android.dx.rop.code.RegisterSpec::intern (70 bytes)


---------------  P R O C E S S  ---------------

Java Threads: ( => current thread )
  0x000000000a54c000 JavaThread "pool-1-thread-4" [_thread_blocked, id=8016, stack(0x000000000b090000,0x000000000b190000)]
  0x000000000a547800 JavaThread "pool-1-thread-3" [_thread_blocked, id=10024, stack(0x000000000af20000,0x000000000b020000)]
  0x000000000a4cf000 JavaThread "pool-1-thread-2" [_thread_in_Java, id=10088, stack(0x000000000adf0000,0x000000000aef0000)]
  0x000000000a4ce000 JavaThread "pool-2-thread-1" [_thread_blocked, id=10072, stack(0x000000000ab70000,0x000000000ac70000)]
  0x000000000a4cc000 JavaThread "pool-1-thread-1" [_thread_blocked, id=10052, stack(0x000000000aa40000,0x000000000ab40000)]
  0x000000000a2e1000 JavaThread "Service Thread" daemon [_thread_blocked, id=9804, stack(0x0000000009b50000,0x0000000009c50000)]
=>0x000000000a2e0800 JavaThread "C2 CompilerThread1" daemon [_thread_in_native, id=9792, stack(0x000000000a730000,0x000000000a830000)]
  0x00000000088ed000 JavaThread "C2 CompilerThread0" daemon [_thread_in_native, id=7104, stack(0x000000000a1e0000,0x000000000a2e0000)]
  0x00000000088ea800 JavaThread "Attach Listener" daemon [_thread_blocked, id=7768, stack(0x000000000a050000,0x000000000a150000)]
  0x0000000008940000 JavaThread "Signal Dispatcher" daemon [_thread_blocked, id=9800, stack(0x0000000009e80000,0x0000000009f80000)]
  0x00000000088d4000 JavaThread "Finalizer" daemon [_thread_blocked, id=9776, stack(0x0000000009cb0000,0x0000000009db0000)]
  0x00000000088cb000 JavaThread "Reference Handler" daemon [_thread_blocked, id=9740, stack(0x0000000009a30000,0x0000000009b30000)]
  0x000000000235e000 JavaThread "main" [_thread_blocked, id=5500, stack(0x0000000002720000,0x0000000002820000)]

Other Threads:
  0x00000000088c7800 VMThread [stack: 0x0000000009910000,0x0000000009a10000] [id=9748]
  0x000000000a2ea000 WatcherThread [stack: 0x000000000a860000,0x000000000a960000] [id=6044]

VM state:not at safepoint (normal execution)

VM Mutex/Monitor currently owned by a thread: None

Heap
 PSYoungGen      total 38400K, used 24251K [0x00000000eaa80000, 0x00000000ed500000, 0x0000000100000000)
  eden space 33280K, 72% used [0x00000000eaa80000,0x00000000ec22ed30,0x00000000ecb00000)
  from space 5120K, 0% used [0x00000000ed000000,0x00000000ed000000,0x00000000ed500000)
  to   space 5120K, 0% used [0x00000000ecb00000,0x00000000ecb00000,0x00000000ed000000)
 ParOldGen       total 86528K, used 0K [0x00000000c0000000, 0x00000000c5480000, 0x00000000eaa80000)
  object space 86528K, 0% used [0x00000000c0000000,0x00000000c0000000,0x00000000c5480000)
 PSPermGen       total 21504K, used 5646K [0x00000000bae00000, 0x00000000bc300000, 0x00000000c0000000)
  object space 21504K, 26% used [0x00000000bae00000,0x00000000bb383b30,0x00000000bc300000)

Card table byte_map: [0x0000000005820000,0x0000000005a50000] byte_map_base: 0x0000000005249000

Polling page: 0x0000000000130000

Code Cache  [0x0000000002820000, 0x0000000002a90000, 0x0000000005820000)
 total_blobs=371 nmethods=132 adapters=191 free_code_cache=48562Kb largest_free_block=49710208

Compilation events (10 events):
Event: 2.800 Thread 0x00000000088ed000 nmethod 126 0x00000000028ad150 code [0x00000000028ad2a0, 0x00000000028ad598]
Event: 2.806 Thread 0x000000000a2e0800 nmethod 127 0x00000000028b4390 code [0x00000000028b4540, 0x00000000028b4b58]
Event: 2.806 Thread 0x00000000088ed000  128             com.android.dx.util.BitIntSet::ensureCapacity (51 bytes)
Event: 2.807 Thread 0x000000000a2e0800  129             com.android.dx.rop.code.RegisterSpec$ForComparison::set (16 bytes)
Event: 2.808 Thread 0x000000000a2e0800 nmethod 129 0x00000000028acf50 code [0x00000000028ad080, 0x00000000028ad0f8]
Event: 2.808 Thread 0x000000000a2e0800  130   !         com.android.dx.rop.code.RegisterSpec::intern (70 bytes)
Event: 2.808 Thread 0x00000000088ed000 nmethod 128 0x00000000028b3f10 code [0x00000000028b4060, 0x00000000028b4218]
Event: 2.808 Thread 0x00000000088ed000  131             com.android.dx.rop.code.RegisterSpec$ForComparison::hashCode (16 bytes)
Event: 2.809 Thread 0x00000000088ed000 nmethod 131 0x00000000028b70d0 code [0x00000000028b7240, 0x00000000028b73f8]
Event: 2.809 Thread 0x00000000088ed000  132             com.android.dx.rop.code.RegisterSpec::access$600 (7 bytes)

GC Heap History (0 events):
No events

Deoptimization events (6 events):
Event: 2.127 Thread 0x000000000a4cc000 Uncommon trap: reason=class_check action=maybe_recompile pc=0x000000000289c7b4 method=com.android.dx.ssa.NormalSsaInsn.accept(Lcom/android/dx/ssa/SsaInsn$Visitor;)V @ 9
Event: 2.146 Thread 0x000000000a4cc000 Uncommon trap: reason=class_check action=maybe_recompile pc=0x000000000289c7b4 method=com.android.dx.ssa.NormalSsaInsn.accept(Lcom/android/dx/ssa/SsaInsn$Visitor;)V @ 9
Event: 2.187 Thread 0x000000000a4cc000 Uncommon trap: reason=class_check action=maybe_recompile pc=0x000000000289c7b4 method=com.android.dx.ssa.NormalSsaInsn.accept(Lcom/android/dx/ssa/SsaInsn$Visitor;)V @ 9
Event: 2.187 Thread 0x000000000a4cc000 Uncommon trap: reason=class_check action=maybe_recompile pc=0x000000000289c7b4 method=com.android.dx.ssa.NormalSsaInsn.accept(Lcom/android/dx/ssa/SsaInsn$Visitor;)V @ 9
Event: 2.496 Thread 0x000000000a54c000 Uncommon trap: reason=null_check action=make_not_entrant pc=0x00000000028a1cb8 method=com.android.dx.rop.code.LocalItem.equals(Ljava/lang/Object;)Z @ 1
Event: 2.714 Thread 0x000000000a547800 Uncommon trap: reason=unreached action=reinterpret pc=0x00000000028a4684 method=com.android.dx.rop.cst.Constant.compareTo(Lcom/android/dx/rop/cst/Constant;)I @ 12

Internal exceptions (10 events):
Event: 1.649 Thread 0x000000000a54c000 Threw 0x00000000eb8b1c90 at C:\re\jdk7u45\229\hotspot\src\share\vm\prims\jvm.cpp:1244
Event: 1.650 Thread 0x000000000a54c000 Threw 0x00000000eb8b6660 at C:\re\jdk7u45\229\hotspot\src\share\vm\prims\jvm.cpp:1244
Event: 1.660 Thread 0x000000000a54c000 Threw 0x00000000eb8dee60 at C:\re\jdk7u45\229\hotspot\src\share\vm\prims\jvm.cpp:1244
Event: 1.663 Thread 0x000000000a54c000 Threw 0x00000000eb8e68d8 at C:\re\jdk7u45\229\hotspot\src\share\vm\prims\jvm.cpp:1244
Event: 1.686 Thread 0x000000000a4cc000 Threw 0x00000000eb954428 at C:\re\jdk7u45\229\hotspot\src\share\vm\prims\jvm.cpp:1244
Event: 2.087 Thread 0x000000000235e000 Threw 0x00000000eb45f4f8 at C:\re\jdk7u45\229\hotspot\src\share\vm\prims\jvm.cpp:1244
Event: 2.115 Thread 0x000000000a4cc000 Threw 0x00000000ebc22948 at C:\re\jdk7u45\229\hotspot\src\share\vm\prims\jvm.cpp:1244
Event: 2.449 Thread 0x000000000235e000 Threw 0x00000000eb487540 at C:\re\jdk7u45\229\hotspot\src\share\vm\prims\jvm.cpp:1244
Event: 2.454 Thread 0x000000000a4cc000 Threw 0x00000000ebe55cf8 at C:\re\jdk7u45\229\hotspot\src\share\vm\prims\jvm.cpp:1244
Event: 2.496 Thread 0x000000000a54c000 Implicit null exception at 0x00000000028a195f to 0x00000000028a1ca5

Events (10 events):
Event: 2.496 Thread 0x000000000a54c000 DEOPT UNPACKING pc=0x00000000028575a4 sp=0x000000000b18e8b0 mode 2
Event: 2.705 loading class 0x0000000002410100
Event: 2.705 loading class 0x0000000002410100 done
Event: 2.714 Thread 0x000000000a547800 Uncommon trap: trap_request=0xffffffad fr.pc=0x00000000028a4684
Event: 2.714 Thread 0x000000000a547800 DEOPT PACKING pc=0x00000000028a4684 sp=0x000000000b01ed00
Event: 2.714 Thread 0x000000000a547800 DEOPT UNPACKING pc=0x00000000028575a4 sp=0x000000000b01eca0 mode 2
Event: 2.806 loading class 0x0000000002416a60
Event: 2.807 loading class 0x0000000002416a60 done
Event: 2.807 loading class 0x0000000002416a30
Event: 2.807 loading class 0x0000000002416a30 done


Dynamic libraries:
0x000000013f5b0000 - 0x000000013f5e3000 	C:\Program Files\Java\jdk1.7.0_45\bin\java.exe
0x0000000077050000 - 0x00000000771f8000 	C:\windows\SYSTEM32\ntdll.dll
0x0000000076df0000 - 0x0000000076f0f000 	C:\windows\system32\kernel32.dll
0x000007fefcfa0000 - 0x000007fefd00c000 	C:\windows\system32\KERNELBASE.dll
0x000007fefeab0000 - 0x000007fefeb8b000 	C:\windows\system32\ADVAPI32.dll
0x000007fefed10000 - 0x000007fefedaf000 	C:\windows\system32\msvcrt.dll
0x000007fefedb0000 - 0x000007fefedcf000 	C:\windows\SYSTEM32\sechost.dll
0x000007fefd670000 - 0x000007fefd79d000 	C:\windows\system32\RPCRT4.dll
0x0000000076cf0000 - 0x0000000076dea000 	C:\windows\system32\USER32.dll
0x000007fefdc30000 - 0x000007fefdc97000 	C:\windows\system32\GDI32.dll
0x000007fefd400000 - 0x000007fefd40e000 	C:\windows\system32\LPK.dll
0x000007fefd300000 - 0x000007fefd3c9000 	C:\windows\system32\USP10.dll
0x000007fefaf70000 - 0x000007fefb164000 	C:\windows\WinSxS\amd64_microsoft.windows.common-controls_6595b64144ccf1df_6.0.7601.18837_none_fa3b1e3d17594757\COMCTL32.dll
0x000007feff2d0000 - 0x000007feff341000 	C:\windows\system32\SHLWAPI.dll
0x000007fefd3d0000 - 0x000007fefd3fe000 	C:\windows\system32\IMM32.DLL
0x000007fefee60000 - 0x000007fefef69000 	C:\windows\system32\MSCTF.dll
0x000000005d740000 - 0x000000005d812000 	C:\Program Files\Java\jdk1.7.0_45\jre\bin\msvcr100.dll
0x000000006df30000 - 0x000000006e6f9000 	C:\Program Files\Java\jdk1.7.0_45\jre\bin\server\jvm.dll
0x000007fef2ab0000 - 0x000007fef2ab9000 	C:\windows\system32\WSOCK32.dll
0x000007feff280000 - 0x000007feff2cd000 	C:\windows\system32\WS2_32.dll
0x000007feff350000 - 0x000007feff358000 	C:\windows\system32\NSI.dll
0x000007fefcc10000 - 0x000007fefcc4b000 	C:\windows\system32\WINMM.dll
0x0000000077210000 - 0x0000000077217000 	C:\windows\system32\PSAPI.DLL
0x0000000058f30000 - 0x0000000058f3f000 	C:\Program Files\Java\jdk1.7.0_45\jre\bin\verify.dll
0x0000000055b80000 - 0x0000000055ba8000 	C:\Program Files\Java\jdk1.7.0_45\jre\bin\java.dll
0x0000000055b60000 - 0x0000000055b75000 	C:\Program Files\Java\jdk1.7.0_45\jre\bin\zip.dll
0x0000000055b40000 - 0x0000000055b59000 	C:\Program Files\Java\jdk1.7.0_45\jre\bin\net.dll
0x000007fefc370000 - 0x000007fefc3c5000 	C:\windows\system32\mswsock.dll
0x000007fefc360000 - 0x000007fefc367000 	C:\windows\System32\wship6.dll
0x0000000055b20000 - 0x0000000055b31000 	C:\Program Files\Java\jdk1.7.0_45\jre\bin\nio.dll

VM Arguments:
jvm_args: -Djava.awt.headless=true -Xmx1024M -Dfile.encoding=GBK -Duser.country=CN -Duser.language=zh -Duser.variant 
java_command: com.android.dx.command.Main --dex --force-jumbo --num-threads=4 --output C:\Users\Android\Desktop\snv\AngelDoctor\app\build\intermediates\pre-dexed\debug\internal_impl-23.3.0_fed4711c98ce6ec0cb29260ab3e662cd605066c2.jar C:\Users\Android\Desktop\snv\AngelDoctor\app\build\intermediates\exploded-aar\com.android.support\support-v4\23.3.0\jars\libs\internal_impl-23.3.0.jar
Launcher Type: SUN_STANDARD

Environment Variables:
JAVA_HOME=C:\Program Files\Java\jdk1.7.0_45
CLASSPATH=.;C:\Program Files\Java\jdk1.7.0_45\lib\dt.jar;C:\Program Files\Java\jdk1.7.0_45\lib\tools.jar;
PATH=C:\Program Files (x86)\Intel\iCLS Client\;C:\Program Files\Intel\iCLS Client\;C:\windows\system32;C:\windows;C:\windows\System32\Wbem;C:\windows\System32\WindowsPowerShell\v1.0\;C:\Program Files\Intel\Intel(R) Management Engine Components\DAL;C:\Program Files\Intel\Intel(R) Management Engine Components\IPT;C:\Program Files (x86)\Intel\Intel(R) Management Engine Components\DAL;C:\Program Files (x86)\Intel\Intel(R) Management Engine Components\IPT;C:\Program Files\Java\jdk1.7.0_45\bin;D:\sdk\tools;D:\sdk\platform-tools;D:\apache-ant-1.9.4\bin;C:\Program Files\Java\jdk1.7.0_45\bin; ;C:\Program Files (x86)\Common Files\ThinPrint\;E:\android-ndk-r10c;E:\Program Files (x86)\Subversion\bin;C:\Program Files\TortoiseSVN\bin
USERNAME=Android
OS=Windows_NT
PROCESSOR_IDENTIFIER=Intel64 Family 6 Model 45 Stepping 7, GenuineIntel



---------------  S Y S T E M  ---------------

OS: Windows 7 , 64 bit Build 7601 Service Pack 1

CPU:total 4 (4 cores per cpu, 1 threads per core) family 6 model 45 stepping 7, cmov, cx8, fxsr, mmx, sse, sse2, sse3, ssse3, sse4.1, sse4.2, popcnt, avx, aes, tsc, tscinvbit, tscinv

Memory: 4k page, physical 8313796k(1091832k free), swap 8311944k(5908k free)

vm_info: Java HotSpot(TM) 64-Bit Server VM (24.45-b08) for windows-amd64 JRE (1.7.0_45-b18), built on Oct  8 2013 05:47:22 by "java_re" with unknown MS VC++:1600

time: Thu Jun 30 15:17:11 2016
elapsed time: 2 seconds

