#
# There is insufficient memory for the Java Runtime Environment to continue.
# Native memory allocation (malloc) failed to allocate 210896 bytes for Chunk::new
# Possible reasons:
#   The system is out of physical RAM or swap space
#   In 32 bit mode, the process size limit was hit
# Possible solutions:
#   Reduce memory load on the system
#   Increase physical memory or swap space
#   Check if swap backing store is full
#   Use 64 bit Java on a 64 bit OS
#   Decrease Java heap size (-Xmx/-Xms)
#   Decrease number of Java threads
#   Decrease Java thread stack sizes (-Xss)
#   Set larger code cache with -XX:ReservedCodeCacheSize=
# This output file may be truncated or incomplete.
#
#  Out of Memory Error (allocation.cpp:323), pid=11680, tid=10392
#
# JRE version: Java(TM) SE Runtime Environment (7.0_45-b18) (build 1.7.0_45-b18)
# Java VM: Java HotSpot(TM) 64-Bit Server VM (24.45-b08 mixed mode windows-amd64 compressed oops)
# Failed to write core dump. Minidumps are not enabled by default on client versions of Windows
#

---------------  T H R E A D  ---------------

Current thread (0x000000000892d000):  JavaThread "C2 CompilerThread0" daemon [_thread_in_native, id=10392, stack(0x000000000a030000,0x000000000a130000)]

Stack: [0x000000000a030000,0x000000000a130000]

Current CompileTask:
C2:   7083  753             com.android.dx.dex.code.StdCatchBuilder::build (262 bytes)


---------------  P R O C E S S  ---------------

Java Threads: ( => current thread )
  0x000000000898d000 JavaThread "Service Thread" daemon [_thread_blocked, id=6940, stack(0x000000000a490000,0x000000000a590000)]
  0x000000000898c800 JavaThread "C2 CompilerThread1" daemon [_thread_blocked, id=7148, stack(0x000000000a260000,0x000000000a360000)]
=>0x000000000892d000 JavaThread "C2 CompilerThread0" daemon [_thread_in_native, id=10392, stack(0x000000000a030000,0x000000000a130000)]
  0x000000000892a800 JavaThread "Attach Listener" daemon [_thread_blocked, id=11880, stack(0x0000000009e10000,0x0000000009f10000)]
  0x0000000008980000 JavaThread "Signal Dispatcher" daemon [_thread_blocked, id=6276, stack(0x0000000009cf0000,0x0000000009df0000)]
  0x000000000890e000 JavaThread "Finalizer" daemon [_thread_blocked, id=7992, stack(0x0000000009a90000,0x0000000009b90000)]
  0x000000000890a800 JavaThread "Reference Handler" daemon [_thread_blocked, id=9180, stack(0x0000000009bd0000,0x0000000009cd0000)]
  0x000000000246f000 JavaThread "main" [_thread_in_Java, id=3668, stack(0x0000000002820000,0x0000000002920000)]

Other Threads:
  0x0000000008907000 VMThread [stack: 0x0000000009950000,0x0000000009a50000] [id=9680]
  0x000000000898e000 WatcherThread [stack: 0x000000000a9c0000,0x000000000aac0000] [id=4104]

VM state:not at safepoint (normal execution)

VM Mutex/Monitor currently owned by a thread: None

Heap
 PSYoungGen      total 271360K, used 67496K [0x00000000eaa80000, 0x00000000ff080000, 0x0000000100000000)
  eden space 230912K, 11% used [0x00000000eaa80000,0x00000000ec4f1588,0x00000000f8c00000)
  from space 40448K, 99% used [0x00000000fbb80000,0x00000000fe2f8dd0,0x00000000fe300000)
  to   space 48640K, 0% used [0x00000000f8c00000,0x00000000f8c00000,0x00000000fbb80000)
 ParOldGen       total 93696K, used 51718K [0x00000000c0000000, 0x00000000c5b80000, 0x00000000eaa80000)
  object space 93696K, 55% used [0x00000000c0000000,0x00000000c3281b08,0x00000000c5b80000)
 PSPermGen       total 21504K, used 5753K [0x00000000bae00000, 0x00000000bc300000, 0x00000000c0000000)
  object space 21504K, 26% used [0x00000000bae00000,0x00000000bb39e678,0x00000000bc300000)

Card table byte_map: [0x0000000005920000,0x0000000005b50000] byte_map_base: 0x0000000005349000

Polling page: 0x0000000000130000

Code Cache  [0x0000000002920000, 0x0000000002be0000, 0x0000000005920000)
 total_blobs=944 nmethods=728 adapters=168 free_code_cache=46443Kb largest_free_block=47506432

Compilation events (10 events):
Event: 7.063 Thread 0x000000000898c800 nmethod 752 0x0000000002bb4750 code [0x0000000002bb48a0, 0x0000000002bb49d8]
Event: 7.063 Thread 0x000000000898c800  754             com.android.dx.dex.code.CstInsn::getConstant (5 bytes)
Event: 7.063 Thread 0x000000000898c800 nmethod 754 0x0000000002bb44d0 code [0x0000000002bb4600, 0x0000000002bb4658]
Event: 7.064 Thread 0x000000000898c800  755             com.android.dx.dex.code.LocalList$MakeState::filterSpec (24 bytes)
Event: 7.064 Thread 0x000000000898c800 nmethod 755 0x0000000002b23f50 code [0x0000000002b240a0, 0x0000000002b24138]
Event: 7.066 Thread 0x000000000898c800  756             com.android.dx.dex.code.InsnFormat::unsignedFitsInByte (15 bytes)
Event: 7.066 Thread 0x000000000898c800 nmethod 756 0x0000000002bcc910 code [0x0000000002bcca40, 0x0000000002bcca98]
Event: 7.068 Thread 0x000000000898c800  757 %           com.android.dx.dex.code.LocalList$MakeState::snapshot @ 16 (110 bytes)
Event: 7.072 Thread 0x000000000898c800 nmethod 757% 0x0000000002bcd7d0 code [0x0000000002bcd960, 0x0000000002bcddb0]
Event: 7.073 Thread 0x000000000898c800  758             com.android.dx.dex.code.LocalList$MakeState::snapshot (110 bytes)

GC Heap History (10 events):
Event: 3.937 GC heap before
{Heap before GC invocations=3 (full 0):
 PSYoungGen      total 71680K, used 71663K [0x00000000eaa80000, 0x00000000ef580000, 0x0000000100000000)
  eden space 66560K, 100% used [0x00000000eaa80000,0x00000000eeb80000,0x00000000eeb80000)
  from space 5120K, 99% used [0x00000000ef080000,0x00000000ef57bd80,0x00000000ef580000)
  to   space 5120K, 0% used [0x00000000eeb80000,0x00000000eeb80000,0x00000000ef080000)
 ParOldGen       total 86528K, used 13533K [0x00000000c0000000, 0x00000000c5480000, 0x00000000eaa80000)
  object space 86528K, 15% used [0x00000000c0000000,0x00000000c0d37568,0x00000000c5480000)
 PSPermGen       total 21504K, used 5496K [0x00000000bae00000, 0x00000000bc300000, 0x00000000c0000000)
  object space 21504K, 25% used [0x00000000bae00000,0x00000000bb35e380,0x00000000bc300000)
Event: 3.993 GC heap after
Heap after GC invocations=3 (full 0):
 PSYoungGen      total 71680K, used 5097K [0x00000000eaa80000, 0x00000000f3680000, 0x0000000100000000)
  eden space 66560K, 0% used [0x00000000eaa80000,0x00000000eaa80000,0x00000000eeb80000)
  from space 5120K, 99% used [0x00000000eeb80000,0x00000000ef07a768,0x00000000ef080000)
  to   space 5120K, 0% used [0x00000000f3180000,0x00000000f3180000,0x00000000f3680000)
 ParOldGen       total 86528K, used 41841K [0x00000000c0000000, 0x00000000c5480000, 0x00000000eaa80000)
  object space 86528K, 48% used [0x00000000c0000000,0x00000000c28dc5f8,0x00000000c5480000)
 PSPermGen       total 21504K, used 5496K [0x00000000bae00000, 0x00000000bc300000, 0x00000000c0000000)
  object space 21504K, 25% used [0x00000000bae00000,0x00000000bb35e380,0x00000000bc300000)
}
Event: 5.132 GC heap before
{Heap before GC invocations=4 (full 0):
 PSYoungGen      total 71680K, used 71657K [0x00000000eaa80000, 0x00000000f3680000, 0x0000000100000000)
  eden space 66560K, 100% used [0x00000000eaa80000,0x00000000eeb80000,0x00000000eeb80000)
  from space 5120K, 99% used [0x00000000eeb80000,0x00000000ef07a768,0x00000000ef080000)
  to   space 5120K, 0% used [0x00000000f3180000,0x00000000f3180000,0x00000000f3680000)
 ParOldGen       total 86528K, used 41841K [0x00000000c0000000, 0x00000000c5480000, 0x00000000eaa80000)
  object space 86528K, 48% used [0x00000000c0000000,0x00000000c28dc5f8,0x00000000c5480000)
 PSPermGen       total 21504K, used 5522K [0x00000000bae00000, 0x00000000bc300000, 0x00000000c0000000)
  object space 21504K, 25% used [0x00000000bae00000,0x00000000bb3649c0,0x00000000bc300000)
Event: 5.179 GC heap after
Heap after GC invocations=4 (full 0):
 PSYoungGen      total 138240K, used 5095K [0x00000000eaa80000, 0x00000000f3680000, 0x0000000100000000)
  eden space 133120K, 0% used [0x00000000eaa80000,0x00000000eaa80000,0x00000000f2c80000)
  from space 5120K, 99% used [0x00000000f3180000,0x00000000f3679e28,0x00000000f3680000)
  to   space 5120K, 0% used [0x00000000f2c80000,0x00000000f2c80000,0x00000000f3180000)
 ParOldGen       total 86528K, used 59238K [0x00000000c0000000, 0x00000000c5480000, 0x00000000eaa80000)
  object space 86528K, 68% used [0x00000000c0000000,0x00000000c39d9818,0x00000000c5480000)
 PSPermGen       total 21504K, used 5522K [0x00000000bae00000, 0x00000000bc300000, 0x00000000c0000000)
  object space 21504K, 25% used [0x00000000bae00000,0x00000000bb3649c0,0x00000000bc300000)
}
Event: 5.179 GC heap before
{Heap before GC invocations=5 (full 1):
 PSYoungGen      total 138240K, used 5095K [0x00000000eaa80000, 0x00000000f3680000, 0x0000000100000000)
  eden space 133120K, 0% used [0x00000000eaa80000,0x00000000eaa80000,0x00000000f2c80000)
  from space 5120K, 99% used [0x00000000f3180000,0x00000000f3679e28,0x00000000f3680000)
  to   space 5120K, 0% used [0x00000000f2c80000,0x00000000f2c80000,0x00000000f3180000)
 ParOldGen       total 86528K, used 59238K [0x00000000c0000000, 0x00000000c5480000, 0x00000000eaa80000)
  object space 86528K, 68% used [0x00000000c0000000,0x00000000c39d9818,0x00000000c5480000)
 PSPermGen       total 21504K, used 5522K [0x00000000bae00000, 0x00000000bc300000, 0x00000000c0000000)
  object space 21504K, 25% used [0x00000000bae00000,0x00000000bb3649c0,0x00000000bc300000)
Event: 5.357 GC heap after
Heap after GC invocations=5 (full 1):
 PSYoungGen      total 138240K, used 0K [0x00000000eaa80000, 0x00000000f3680000, 0x0000000100000000)
  eden space 133120K, 0% used [0x00000000eaa80000,0x00000000eaa80000,0x00000000f2c80000)
  from space 5120K, 0% used [0x00000000f3180000,0x00000000f3180000,0x00000000f3680000)
  to   space 5120K, 0% used [0x00000000f2c80000,0x00000000f2c80000,0x00000000f3180000)
 ParOldGen       total 93696K, used 24056K [0x00000000c0000000, 0x00000000c5b80000, 0x00000000eaa80000)
  object space 93696K, 25% used [0x00000000c0000000,0x00000000c177e030,0x00000000c5b80000)
 PSPermGen       total 21504K, used 5519K [0x00000000bae00000, 0x00000000bc300000, 0x00000000c0000000)
  object space 21504K, 25% used [0x00000000bae00000,0x00000000bb363d90,0x00000000bc300000)
}
Event: 5.929 GC heap before
{Heap before GC invocations=6 (full 1):
 PSYoungGen      total 138240K, used 133120K [0x00000000eaa80000, 0x00000000f3680000, 0x0000000100000000)
  eden space 133120K, 100% used [0x00000000eaa80000,0x00000000f2c80000,0x00000000f2c80000)
  from space 5120K, 0% used [0x00000000f3180000,0x00000000f3180000,0x00000000f3680000)
  to   space 5120K, 0% used [0x00000000f2c80000,0x00000000f2c80000,0x00000000f3180000)
 ParOldGen       total 93696K, used 24056K [0x00000000c0000000, 0x00000000c5b80000, 0x00000000eaa80000)
  object space 93696K, 25% used [0x00000000c0000000,0x00000000c177e030,0x00000000c5b80000)
 PSPermGen       total 21504K, used 5541K [0x00000000bae00000, 0x00000000bc300000, 0x00000000c0000000)
  object space 21504K, 25% used [0x00000000bae00000,0x00000000bb3696a0,0x00000000bc300000)
Event: 5.970 GC heap after
Heap after GC invocations=6 (full 1):
 PSYoungGen      total 138240K, used 5095K [0x00000000eaa80000, 0x00000000fe300000, 0x0000000100000000)
  eden space 133120K, 0% used [0x00000000eaa80000,0x00000000eaa80000,0x00000000f2c80000)
  from space 5120K, 99% used [0x00000000f2c80000,0x00000000f3179da8,0x00000000f3180000)
  to   space 40448K, 0% used [0x00000000fbb80000,0x00000000fbb80000,0x00000000fe300000)
 ParOldGen       total 93696K, used 50974K [0x00000000c0000000, 0x00000000c5b80000, 0x00000000eaa80000)
  object space 93696K, 54% used [0x00000000c0000000,0x00000000c31c7b08,0x00000000c5b80000)
 PSPermGen       total 21504K, used 5541K [0x00000000bae00000, 0x00000000bc300000, 0x00000000c0000000)
  object space 21504K, 25% used [0x00000000bae00000,0x00000000bb3696a0,0x00000000bc300000)
}
Event: 6.582 GC heap before
{Heap before GC invocations=7 (full 1):
 PSYoungGen      total 138240K, used 138215K [0x00000000eaa80000, 0x00000000fe300000, 0x0000000100000000)
  eden space 133120K, 100% used [0x00000000eaa80000,0x00000000f2c80000,0x00000000f2c80000)
  from space 5120K, 99% used [0x00000000f2c80000,0x00000000f3179da8,0x00000000f3180000)
  to   space 40448K, 0% used [0x00000000fbb80000,0x00000000fbb80000,0x00000000fe300000)
 ParOldGen       total 93696K, used 50974K [0x00000000c0000000, 0x00000000c5b80000, 0x00000000eaa80000)
  object space 93696K, 54% used [0x00000000c0000000,0x00000000c31c7b08,0x00000000c5b80000)
 PSPermGen       total 21504K, used 5581K [0x00000000bae00000, 0x00000000bc300000, 0x00000000c0000000)
  object space 21504K, 25% used [0x00000000bae00000,0x00000000bb373758,0x00000000bc300000)
Event: 6.631 GC heap after
Heap after GC invocations=7 (full 1):
 PSYoungGen      total 271360K, used 40419K [0x00000000eaa80000, 0x00000000ff080000, 0x0000000100000000)
  eden space 230912K, 0% used [0x00000000eaa80000,0x00000000eaa80000,0x00000000f8c00000)
  from space 40448K, 99% used [0x00000000fbb80000,0x00000000fe2f8dd0,0x00000000fe300000)
  to   space 48640K, 0% used [0x00000000f8c00000,0x00000000f8c00000,0x00000000fbb80000)
 ParOldGen       total 93696K, used 51718K [0x00000000c0000000, 0x00000000c5b80000, 0x00000000eaa80000)
  object space 93696K, 55% used [0x00000000c0000000,0x00000000c3281b08,0x00000000c5b80000)
 PSPermGen       total 21504K, used 5581K [0x00000000bae00000, 0x00000000bc300000, 0x00000000c0000000)
  object space 21504K, 25% used [0x00000000bae00000,0x00000000bb373758,0x00000000bc300000)
}

Deoptimization events (10 events):
Event: 6.761 Thread 0x000000000246f000 Uncommon trap: reason=class_check action=maybe_recompile pc=0x00000000029d2920 method=java.util.HashMap.put(Ljava/lang/Object;Ljava/lang/Object;)Ljava/lang/Object; @ 83
Event: 6.761 Thread 0x000000000246f000 Uncommon trap: reason=class_check action=maybe_recompile pc=0x00000000029d2920 method=java.util.HashMap.put(Ljava/lang/Object;Ljava/lang/Object;)Ljava/lang/Object; @ 83
Event: 6.761 Thread 0x000000000246f000 Uncommon trap: reason=class_check action=maybe_recompile pc=0x00000000029d2920 method=java.util.HashMap.put(Ljava/lang/Object;Ljava/lang/Object;)Ljava/lang/Object; @ 83
Event: 6.855 Thread 0x000000000246f000 Uncommon trap: reason=null_check action=make_not_entrant pc=0x00000000029d0460 method=com.android.dx.dex.file.TypeIdsSection.intern(Lcom/android/dx/rop/cst/CstType;)Lcom/android/dx/dex/file/TypeIdItem; @ 31
Event: 7.038 Thread 0x000000000246f000 Uncommon trap: reason=class_check action=maybe_recompile pc=0x0000000002a85c8c method=com.android.dx.util.FixedSizeList.equals(Ljava/lang/Object;)Z @ 25
Event: 7.038 Thread 0x000000000246f000 Uncommon trap: reason=class_check action=maybe_recompile pc=0x0000000002a841dc method=java.util.Arrays.equals([Ljava/lang/Object;[Ljava/lang/Object;)Z @ 62
Event: 7.039 Thread 0x000000000246f000 Uncommon trap: reason=class_check action=maybe_recompile pc=0x0000000002a85c8c method=com.android.dx.util.FixedSizeList.equals(Ljava/lang/Object;)Z @ 25
Event: 7.039 Thread 0x000000000246f000 Uncommon trap: reason=class_check action=maybe_recompile pc=0x0000000002a841dc method=java.util.Arrays.equals([Ljava/lang/Object;[Ljava/lang/Object;)Z @ 62
Event: 7.039 Thread 0x000000000246f000 Uncommon trap: reason=class_check action=maybe_recompile pc=0x0000000002a85c8c method=com.android.dx.util.FixedSizeList.equals(Ljava/lang/Object;)Z @ 25
Event: 7.063 Thread 0x000000000246f000 Uncommon trap: reason=unreached action=reinterpret pc=0x0000000002b95d80 method=com.android.dx.dex.code.LocalList$MakeState.snapshot(ILcom/android/dx/rop/code/RegisterSpecSet;)V @ 66

Internal exceptions (10 events):
Event: 6.919 Thread 0x000000000246f000 Threw 0x00000000ec2f7b98 at C:\re\jdk7u45\229\hotspot\src\share\vm\prims\jvm.cpp:1244
Event: 6.919 Thread 0x000000000246f000 Threw 0x00000000ec2fa2e0 at C:\re\jdk7u45\229\hotspot\src\share\vm\prims\jvm.cpp:1244
Event: 6.919 Thread 0x000000000246f000 Threw 0x00000000ec2ff078 at C:\re\jdk7u45\229\hotspot\src\share\vm\prims\jvm.cpp:1244
Event: 6.920 Thread 0x000000000246f000 Threw 0x00000000ec306b10 at C:\re\jdk7u45\229\hotspot\src\share\vm\prims\jvm.cpp:1244
Event: 6.920 Thread 0x000000000246f000 Threw 0x00000000ec309650 at C:\re\jdk7u45\229\hotspot\src\share\vm\prims\jvm.cpp:1244
Event: 6.923 Thread 0x000000000246f000 Threw 0x00000000ec30e0a0 at C:\re\jdk7u45\229\hotspot\src\share\vm\prims\jvm.cpp:1244
Event: 6.923 Thread 0x000000000246f000 Threw 0x00000000ec312310 at C:\re\jdk7u45\229\hotspot\src\share\vm\prims\jvm.cpp:1244
Event: 7.038 Thread 0x000000000246f000 Threw 0x00000000ec3be9f8 at C:\re\jdk7u45\229\hotspot\src\share\vm\prims\jvm.cpp:1244
Event: 7.039 Thread 0x000000000246f000 Threw 0x00000000ec3c1648 at C:\re\jdk7u45\229\hotspot\src\share\vm\prims\jvm.cpp:1244
Event: 7.039 Thread 0x000000000246f000 Threw 0x00000000ec3c43a0 at C:\re\jdk7u45\229\hotspot\src\share\vm\prims\jvm.cpp:1244

Events (10 events):
Event: 7.039 Thread 0x000000000246f000 Uncommon trap: trap_request=0xffffffde fr.pc=0x0000000002a85c8c
Event: 7.039 Thread 0x000000000246f000 DEOPT PACKING pc=0x0000000002a85c8c sp=0x000000000291ef80
Event: 7.039 Thread 0x000000000246f000 DEOPT UNPACKING pc=0x00000000029575a4 sp=0x000000000291ef40 mode 2
Event: 7.039 loading class 0x000000000a849390
Event: 7.039 loading class 0x000000000a849390 done
Event: 7.039 loading class 0x000000000a669eb0
Event: 7.039 loading class 0x000000000a669eb0 done
Event: 7.063 Thread 0x000000000246f000 Uncommon trap: trap_request=0xffffffad fr.pc=0x0000000002b95d80
Event: 7.063 Thread 0x000000000246f000 DEOPT PACKING pc=0x0000000002b95d80 sp=0x000000000291f110
Event: 7.063 Thread 0x000000000246f000 DEOPT UNPACKING pc=0x00000000029575a4 sp=0x000000000291f0d0 mode 2


Dynamic libraries:
0x000000013fa10000 - 0x000000013fa43000 	C:\Program Files\Java\jdk1.7.0_45\bin\java.exe
0x0000000076fa0000 - 0x0000000077148000 	C:\windows\SYSTEM32\ntdll.dll
0x0000000076c40000 - 0x0000000076d5f000 	C:\windows\system32\kernel32.dll
0x000007fefccb0000 - 0x000007fefcd1c000 	C:\windows\system32\KERNELBASE.dll
0x000007fefd7b0000 - 0x000007fefd88b000 	C:\windows\system32\ADVAPI32.dll
0x000007fefecc0000 - 0x000007fefed5f000 	C:\windows\system32\msvcrt.dll
0x000007fefd780000 - 0x000007fefd79f000 	C:\windows\SYSTEM32\sechost.dll
0x000007feff0d0000 - 0x000007feff1fd000 	C:\windows\system32\RPCRT4.dll
0x0000000076ea0000 - 0x0000000076f9a000 	C:\windows\system32\USER32.dll
0x000007feff060000 - 0x000007feff0c7000 	C:\windows\system32\GDI32.dll
0x000007fefd7a0000 - 0x000007fefd7ae000 	C:\windows\system32\LPK.dll
0x000007fefd8d0000 - 0x000007fefd999000 	C:\windows\system32\USP10.dll
0x000007fefb010000 - 0x000007fefb204000 	C:\windows\WinSxS\amd64_microsoft.windows.common-controls_6595b64144ccf1df_6.0.7601.18837_none_fa3b1e3d17594757\COMCTL32.dll
0x000007fefd700000 - 0x000007fefd771000 	C:\windows\system32\SHLWAPI.dll
0x000007fefd8a0000 - 0x000007fefd8ce000 	C:\windows\system32\IMM32.DLL
0x000007fefd3e0000 - 0x000007fefd4e9000 	C:\windows\system32\MSCTF.dll
0x0000000077720000 - 0x00000000777f2000 	C:\Program Files\Java\jdk1.7.0_45\jre\bin\msvcr100.dll
0x0000000052250000 - 0x0000000052a19000 	C:\Program Files\Java\jdk1.7.0_45\jre\bin\server\jvm.dll
0x000007fef4aa0000 - 0x000007fef4aa9000 	C:\windows\system32\WSOCK32.dll
0x000007feff260000 - 0x000007feff2ad000 	C:\windows\system32\WS2_32.dll
0x000007fefd890000 - 0x000007fefd898000 	C:\windows\system32\NSI.dll
0x000007fefcb80000 - 0x000007fefcbbb000 	C:\windows\system32\WINMM.dll
0x0000000077170000 - 0x0000000077177000 	C:\windows\system32\PSAPI.DLL
0x0000000052be0000 - 0x0000000052bef000 	C:\Program Files\Java\jdk1.7.0_45\jre\bin\verify.dll
0x0000000052b40000 - 0x0000000052b68000 	C:\Program Files\Java\jdk1.7.0_45\jre\bin\java.dll
0x0000000052150000 - 0x0000000052165000 	C:\Program Files\Java\jdk1.7.0_45\jre\bin\zip.dll

VM Arguments:
jvm_args: -Djava.awt.headless=true -Xmx1024M -Dfile.encoding=GBK -Duser.country=CN -Duser.language=zh -Duser.variant 
java_command: com.android.dx.command.Main --dex --force-jumbo --num-threads=4 --output D:\ASproject\AngelDoctor\app\build\intermediates\pre-dexed\debug\main_896cdb9f87e7ba88af32f345d74c50a7c0774fbd.jar D:\ASproject\AngelDoctor\app\build\intermediates\transforms\instantRun\debug\folders\1\5\main
Launcher Type: SUN_STANDARD

Environment Variables:
JAVA_HOME=C:\Program Files\Java\jdk1.7.0_45
CLASSPATH=.;C:\Program Files\Java\jdk1.7.0_45\lib\dt.jar;C:\Program Files\Java\jdk1.7.0_45\lib\tools.jar;
PATH=C:\Program Files (x86)\Intel\iCLS Client\;C:\Program Files\Intel\iCLS Client\;C:\windows\system32;C:\windows;C:\windows\System32\Wbem;C:\windows\System32\WindowsPowerShell\v1.0\;C:\Program Files\Intel\Intel(R) Management Engine Components\DAL;C:\Program Files\Intel\Intel(R) Management Engine Components\IPT;C:\Program Files (x86)\Intel\Intel(R) Management Engine Components\DAL;C:\Program Files (x86)\Intel\Intel(R) Management Engine Components\IPT;C:\Program Files\Java\jdk1.7.0_45\bin;C:\Program Files\TortoiseSVN\bin;D:\sdk\tools;D:\sdk\platform-tools;D:\apache-ant-1.9.4\bin;C:\Program Files\Java\jdk1.7.0_45\bin; ;C:\Program Files (x86)\Common Files\ThinPrint\;E:\android-ndk-r10c;E:\Program Files (x86)\Subversion\bin
USERNAME=Android
OS=Windows_NT
PROCESSOR_IDENTIFIER=Intel64 Family 6 Model 45 Stepping 7, GenuineIntel



---------------  S Y S T E M  ---------------

OS: Windows 7 , 64 bit Build 7601 Service Pack 1

CPU:total 4 (4 cores per cpu, 1 threads per core) family 6 model 45 stepping 7, cmov, cx8, fxsr, mmx, sse, sse2, sse3, ssse3, sse4.1, sse4.2, popcnt, avx, aes, tsc, tscinvbit, tscinv

Memory: 4k page, physical 8313796k(1227684k free), swap 8311944k(225960k free)

vm_info: Java HotSpot(TM) 64-Bit Server VM (24.45-b08) for windows-amd64 JRE (1.7.0_45-b18), built on Oct  8 2013 05:47:22 by "java_re" with unknown MS VC++:1600

time: Wed Jun 01 17:32:14 2016
elapsed time: 7 seconds

